Base path: C:/Program Files (x86)/Unity/Editor/Data
Pipe name: \\.\pipe\UnityShaderCompiler-5-4288
Cmd: getPlatforms
Cmd: compileSnippet
  api=5 type=0 insize=4492 outsize=1284 kw=DUMMY SGT_D ok=1
Cmd: compileSnippet
  api=5 type=0 insize=4492 outsize=1369 kw=DUMMY SGT_D SGT_B ok=1
Cmd: compileSnippet
  api=5 type=0 insize=4492 outsize=1369 kw=DUMMY SGT_D SGT_C SGT_B ok=1
Cmd: compileSnippet
  api=5 type=0 insize=4492 outsize=1581 kw=DUMMY SGT_D SGT_C SGT_A ok=1
Cmd: compileSnippet
  api=9 type=0 insize=4492 outsize=1692 kw=DUMMY SGT_C SGT_A SGT_B ok=1
Cmd: compileSnippet
  api=5 type=0 insize=4492 outsize=2210 kw=DUMMY SGT_B SHADOW_1 ok=1
Cmd: compileSnippet
  api=5 type=0 insize=4492 outsize=2348 kw=DUMMY SGT_D SGT_A SHADOW_1 ok=1
Cmd: compileSnippet
  api=9 type=0 insize=4492 outsize=2363 kw=DUMMY SGT_D SGT_C SGT_A SHADOW_1 ok=1
Cmd: compileSnippet
  api=9 type=0 insize=4492 outsize=2522 kw=DUMMY SGT_D SGT_C SGT_A SGT_B SHADOW_1 ok=1
Cmd: compileSnippet
  api=5 type=0 insize=4492 outsize=2769 kw=DUMMY SGT_C SGT_B SHADOW_2 ok=1
Cmd: compileSnippet
  api=9 type=0 insize=4492 outsize=2916 kw=DUMMY SGT_D SGT_A SHADOW_2 ok=1
Cmd: compileSnippet
  api=9 type=0 insize=4492 outsize=3079 kw=DUMMY SGT_D SGT_A SGT_B SHADOW_2 ok=1
Cmd: compileSnippet
  api=9 type=0 insize=4492 outsize=1376 kw=DUMMY SGT_D LIGHT_0 ok=1
Cmd: compileSnippet
  api=9 type=0 insize=4492 outsize=1461 kw=DUMMY SGT_D SGT_B LIGHT_0 ok=1
Cmd: compileSnippet
  api=5 type=0 insize=4492 outsize=1647 kw=DUMMY SGT_C SGT_A LIGHT_0 ok=1
Cmd: compileSnippet
  api=9 type=0 insize=4492 outsize=1758 kw=DUMMY SGT_D SGT_A SGT_B LIGHT_0 ok=1
Cmd: compileSnippet
  api=9 type=0 insize=4492 outsize=1480 kw=DUMMY SGT_D LIGHT_0 SHADOW_1 ok=1
Cmd: compileSnippet
  api=9 type=0 insize=4492 outsize=1565 kw=DUMMY SGT_D SGT_B LIGHT_0 SHADOW_1 ok=1
Cmd: compileSnippet
  api=5 type=0 insize=4492 outsize=1755 kw=DUMMY SGT_D SGT_A LIGHT_0 SHADOW_1 ok=1
Cmd: compileSnippet
  api=9 type=0 insize=4492 outsize=1862 kw=DUMMY SGT_A SGT_B LIGHT_0 SHADOW_1 ok=1
Cmd: compileSnippet
  api=9 type=0 insize=4492 outsize=1480 kw=DUMMY LIGHT_0 SHADOW_2 ok=1
Cmd: compileSnippet
  api=9 type=0 insize=4492 outsize=1480 kw=DUMMY SGT_C LIGHT_0 SHADOW_2 ok=1
Cmd: compileSnippet
  api=9 type=0 insize=4492 outsize=1565 kw=DUMMY SGT_C SGT_B LIGHT_0 SHADOW_2 ok=1
Cmd: compileSnippet
  api=5 type=0 insize=4492 outsize=1755 kw=DUMMY SGT_D SGT_A LIGHT_0 SHADOW_2 ok=1
Cmd: compileSnippet
  api=9 type=0 insize=4492 outsize=1862 kw=DUMMY SGT_D SGT_A SGT_B LIGHT_0 SHADOW_2 ok=1
Cmd: compileSnippet
  api=9 type=0 insize=4492 outsize=1912 kw=DUMMY LIGHT_1 SGT_D ok=1
Cmd: compileSnippet
  api=9 type=0 insize=4492 outsize=1997 kw=DUMMY LIGHT_1 SGT_B ok=1
Cmd: compileSnippet
  api=5 type=0 insize=4492 outsize=2146 kw=DUMMY LIGHT_1 SGT_A ok=1
Cmd: compileSnippet
  api=5 type=0 insize=4492 outsize=2912 kw=DUMMY LIGHT_1 SGT_D SGT_C SGT_A ok=1
Cmd: compileSnippet
  api=9 type=0 insize=4492 outsize=2957 kw=DUMMY LIGHT_1 SHADOW_1 ok=1
Cmd: compileSnippet
  api=5 type=0 insize=4492 outsize=3045 kw=DUMMY LIGHT_1 SGT_B SHADOW_1 ok=1
Cmd: compileSnippet
  api=5 type=0 insize=4492 outsize=3906 kw=DUMMY LIGHT_1 SGT_D SGT_C SGT_B SHADOW_1 ok=1
Cmd: compileSnippet
  api=5 type=0 insize=4492 outsize=3294 kw=DUMMY LIGHT_1 SGT_A SGT_B SHADOW_1 ok=1
Cmd: compileSnippet
  api=5 type=0 insize=4492 outsize=4159 kw=LIGHT_1 SGT_D SGT_C SGT_A SGT_B SHADOW_1 ok=1
Cmd: compileSnippet
  api=5 type=0 insize=4492 outsize=4829 kw=DUMMY LIGHT_1 SGT_D SGT_C SHADOW_2 ok=1
Cmd: compileSnippet
  api=9 type=0 insize=4492 outsize=4908 kw=DUMMY LIGHT_1 SGT_D SGT_C SGT_B SHADOW_2 ok=1
Cmd: compileSnippet
  api=9 type=0 insize=4492 outsize=5071 kw=DUMMY LIGHT_1 SGT_D SGT_C SGT_A SHADOW_2 ok=1
Cmd: compileSnippet
  api=9 type=0 insize=4492 outsize=5161 kw=LIGHT_1 SGT_D SGT_C SGT_A SGT_B SHADOW_2 ok=1
Cmd: compileSnippet
  api=9 type=0 insize=4492 outsize=2665 kw=DUMMY LIGHT_2 SGT_D SGT_C ok=1
Cmd: compileSnippet
  api=9 type=0 insize=4492 outsize=2750 kw=DUMMY LIGHT_2 SGT_D SGT_C SGT_B ok=1
Cmd: compileSnippet
  api=9 type=0 insize=4492 outsize=2802 kw=DUMMY LIGHT_2 SGT_C SGT_A ok=1
Cmd: compileSnippet
  api=5 type=0 insize=4492 outsize=2997 kw=DUMMY LIGHT_2 SGT_D SGT_C SGT_A SGT_B ok=1
Cmd: compileSnippet
  api=9 type=0 insize=4492 outsize=3640 kw=DUMMY LIGHT_2 SGT_C SHADOW_1 ok=1
Cmd: compileSnippet
  api=5 type=0 insize=4492 outsize=3737 kw=DUMMY LIGHT_2 SGT_C SGT_B SHADOW_1 ok=1
Cmd: compileSnippet
  api=9 type=0 insize=4492 outsize=3754 kw=DUMMY LIGHT_2 SGT_D SGT_A SHADOW_1 ok=1
Cmd: compileSnippet
  api=9 type=0 insize=4492 outsize=4062 kw=DUMMY LIGHT_2 SGT_D SGT_C SGT_A SHADOW_1 ok=1
Cmd: compileSnippet
  api=9 type=0 insize=4492 outsize=4152 kw=LIGHT_2 SGT_D SGT_C SGT_A SGT_B SHADOW_1 ok=1
Cmd: compileSnippet
  api=9 type=0 insize=4492 outsize=4649 kw=DUMMY LIGHT_2 SGT_C SHADOW_2 ok=1
Cmd: compileSnippet
  api=5 type=0 insize=4492 outsize=4750 kw=DUMMY LIGHT_2 SGT_C SGT_B SHADOW_2 ok=1
Cmd: compileSnippet
  api=5 type=0 insize=4492 outsize=4913 kw=DUMMY LIGHT_2 SGT_C SGT_A SHADOW_2 ok=1
Cmd: compileSnippet
  api=9 type=0 insize=4492 outsize=5071 kw=DUMMY LIGHT_2 SGT_D SGT_C SGT_A SHADOW_2 ok=1
Cmd: compileSnippet
  api=5 type=0 insize=4492 outsize=5172 kw=LIGHT_2 SGT_D SGT_C SGT_A SGT_B SHADOW_2 ok=1
Cmd: compileSnippet
  api=5 type=1 insize=4492 outsize=6 kw=DUMMY SGT_D SGT_C ok=1
Cmd: compileSnippet
  api=5 type=1 insize=4492 outsize=6 kw=DUMMY SGT_C SGT_B ok=1
Cmd: compileSnippet
  api=5 type=1 insize=4492 outsize=6 kw=DUMMY SGT_C SGT_A ok=1
Cmd: compileSnippet
  api=9 type=1 insize=4492 outsize=7 kw=DUMMY SGT_A SGT_B ok=1
Cmd: compileSnippet
  api=5 type=1 insize=4492 outsize=6 kw=DUMMY SGT_C SHADOW_1 ok=1
Cmd: compileSnippet
  api=9 type=1 insize=4492 outsize=7 kw=DUMMY SGT_B SHADOW_1 ok=1
Cmd: compileSnippet
  api=9 type=1 insize=4492 outsize=7 kw=DUMMY SGT_C SGT_A SHADOW_1 ok=1
Cmd: compileSnippet
  api=5 type=1 insize=4492 outsize=6 kw=DUMMY SGT_D SGT_A SGT_B SHADOW_1 ok=1
Cmd: compileSnippet
  api=9 type=1 insize=4492 outsize=7 kw=DUMMY SHADOW_2 ok=1
Cmd: compileSnippet
  api=9 type=1 insize=4492 outsize=7 kw=DUMMY SGT_C SGT_B SHADOW_2 ok=1
Cmd: compileSnippet
  api=9 type=1 insize=4492 outsize=7 kw=DUMMY SGT_A SHADOW_2 ok=1
Cmd: compileSnippet
  api=9 type=1 insize=4492 outsize=7 kw=DUMMY SGT_D SGT_C SGT_A SGT_B SHADOW_2 ok=1
Cmd: compileSnippet
  api=5 type=1 insize=4492 outsize=6 kw=DUMMY LIGHT_0 ok=1
Cmd: compileSnippet
  api=5 type=1 insize=4492 outsize=6 kw=DUMMY SGT_B LIGHT_0 ok=1
Cmd: compileSnippet
  api=5 type=1 insize=4492 outsize=6 kw=DUMMY SGT_A LIGHT_0 ok=1
Cmd: compileSnippet
  api=5 type=1 insize=4492 outsize=6 kw=DUMMY SGT_A SGT_B LIGHT_0 ok=1
Cmd: compileSnippet
  api=5 type=1 insize=4492 outsize=6 kw=DUMMY LIGHT_0 SHADOW_1 ok=1
Cmd: compileSnippet
  api=5 type=1 insize=4492 outsize=6 kw=DUMMY SGT_B LIGHT_0 SHADOW_1 ok=1
Cmd: compileSnippet
  api=5 type=1 insize=4492 outsize=6 kw=DUMMY SGT_A LIGHT_0 SHADOW_1 ok=1
Cmd: compileSnippet
  api=9 type=1 insize=4492 outsize=7 kw=DUMMY SGT_A SGT_B LIGHT_0 SHADOW_1 ok=1
Cmd: compileSnippet
  api=9 type=1 insize=4492 outsize=7 kw=DUMMY SGT_C LIGHT_0 SHADOW_2 ok=1
Cmd: compileSnippet
  api=5 type=1 insize=4492 outsize=6 kw=DUMMY SGT_C SGT_B LIGHT_0 SHADOW_2 ok=1
Cmd: compileSnippet
  api=9 type=1 insize=4492 outsize=7 kw=DUMMY SGT_D SGT_A LIGHT_0 SHADOW_2 ok=1
Cmd: compileSnippet
  api=5 type=1 insize=4492 outsize=6 kw=DUMMY SGT_A SGT_B LIGHT_0 SHADOW_2 ok=1
Cmd: compileSnippet
  api=5 type=1 insize=4492 outsize=6 kw=DUMMY LIGHT_1 ok=1
Cmd: compileSnippet
  api=9 type=1 insize=4492 outsize=7 kw=DUMMY LIGHT_1 SGT_B ok=1
Cmd: compileSnippet
  api=9 type=1 insize=4492 outsize=7 kw=DUMMY LIGHT_1 SGT_C SGT_A ok=1
Cmd: compileSnippet
  api=5 type=1 insize=4492 outsize=6 kw=DUMMY LIGHT_1 SGT_C SGT_A SGT_B ok=1
Cmd: compileSnippet
  api=5 type=1 insize=4492 outsize=6 kw=DUMMY LIGHT_1 SGT_D SHADOW_1 ok=1
Cmd: compileSnippet
  api=5 type=1 insize=4492 outsize=6 kw=DUMMY LIGHT_1 SGT_D SGT_B SHADOW_1 ok=1
Cmd: compileSnippet
  api=9 type=1 insize=4492 outsize=7 kw=DUMMY LIGHT_1 SGT_A SHADOW_1 ok=1
Cmd: compileSnippet
  api=9 type=1 insize=4492 outsize=7 kw=LIGHT_1 SGT_D SGT_C SGT_A SGT_B SHADOW_1 ok=1
Cmd: compileSnippet
  api=9 type=1 insize=4492 outsize=7 kw=DUMMY LIGHT_1 SHADOW_2 ok=1
Cmd: compileSnippet
  api=5 type=1 insize=4492 outsize=6 kw=DUMMY LIGHT_1 SGT_D SGT_C SGT_B SHADOW_2 ok=1
Cmd: compileSnippet
  api=9 type=1 insize=4492 outsize=7 kw=DUMMY LIGHT_1 SGT_D SGT_C SGT_A SHADOW_2 ok=1
Cmd: compileSnippet
  api=5 type=1 insize=4492 outsize=6 kw=LIGHT_1 SGT_D SGT_C SGT_A SGT_B SHADOW_2 ok=1
Cmd: compileSnippet
  api=9 type=1 insize=4492 outsize=7 kw=DUMMY LIGHT_2 SGT_D ok=1
Cmd: compileSnippet
  api=9 type=1 insize=4492 outsize=7 kw=DUMMY LIGHT_2 SGT_D SGT_B ok=1
Cmd: compileSnippet
  api=9 type=1 insize=4492 outsize=7 kw=DUMMY LIGHT_2 SGT_D SGT_A ok=1
Cmd: compileSnippet
  api=5 type=1 insize=4492 outsize=6 kw=DUMMY LIGHT_2 SGT_D SGT_A SGT_B ok=1
Cmd: compileSnippet
  api=5 type=1 insize=4492 outsize=6 kw=DUMMY LIGHT_2 SGT_D SHADOW_1 ok=1
Cmd: compileSnippet
  api=9 type=1 insize=4492 outsize=7 kw=DUMMY LIGHT_2 SGT_B SHADOW_1 ok=1
Cmd: compileSnippet
  api=5 type=1 insize=4492 outsize=6 kw=DUMMY LIGHT_2 SGT_D SGT_C SGT_A SHADOW_1 ok=1
Cmd: compileSnippet
  api=9 type=1 insize=4492 outsize=7 kw=DUMMY LIGHT_2 SGT_C SGT_A SGT_B SHADOW_1 ok=1
Cmd: compileSnippet
  api=9 type=1 insize=4492 outsize=7 kw=DUMMY LIGHT_2 SGT_D SHADOW_2 ok=1
Cmd: compileSnippet
  api=9 type=1 insize=4492 outsize=7 kw=DUMMY LIGHT_2 SGT_B SHADOW_2 ok=1
Cmd: compileSnippet
  api=5 type=1 insize=4492 outsize=6 kw=DUMMY LIGHT_2 SGT_D SGT_A SHADOW_2 ok=1
Cmd: compileSnippet
  api=9 type=1 insize=4492 outsize=7 kw=DUMMY LIGHT_2 SGT_D SGT_A SGT_B SHADOW_2 ok=1
Cmd: compileSnippet
  api=5 type=0 insize=2234 outsize=1447 kw=DUMMY SGT_B ok=1
Cmd: compileSnippet
  api=5 type=1 insize=2234 outsize=6 kw=DUMMY SGT_A ok=1
Cmd: compileSnippet
  api=9 type=1 insize=2248 outsize=7 kw=DUMMY ok=1
Cmd: compileSnippet
  api=5 type=0 insize=1699 outsize=1657 kw=SGT_A SGT_B ok=1
Cmd: compileSnippet
  api=5 type=1 insize=1699 outsize=6 kw=SGT_A SGT_B ok=1
Cmd: compileSnippet
  api=9 type=0 insize=3853 outsize=792 kw=DUMMY ok=1
Cmd: compileSnippet
  api=5 type=0 insize=3853 outsize=1746 kw=DUMMY SGT_D ok=1
Cmd: compileSnippet
  api=9 type=0 insize=3853 outsize=6480 kw=DUMMY SGT_E SGT_D LIGHT_0 ok=1
Cmd: compileSnippet
  api=9 type=0 insize=3853 outsize=6480 kw=DUMMY SGT_E SGT_C LIGHT_0 ok=1
Cmd: compileSnippet
  api=9 type=0 insize=3853 outsize=6480 kw=DUMMY SGT_E SGT_D SGT_C LIGHT_0 ok=1
Cmd: compileSnippet
  api=5 type=0 insize=3853 outsize=1740 kw=DUMMY SGT_D SGT_B ok=1
Cmd: compileSnippet
  api=5 type=0 insize=3853 outsize=3589 kw=DUMMY SGT_E SGT_D SGT_B ok=1
Cmd: compileSnippet
  api=5 type=0 insize=3853 outsize=3124 kw=DUMMY SGT_E SGT_C SGT_B ok=1
Cmd: compileSnippet
  api=9 type=0 insize=3853 outsize=2207 kw=DUMMY SGT_D SGT_C SGT_B ok=1
Cmd: compileSnippet
  api=9 type=0 insize=3853 outsize=792 kw=DUMMY SGT_A ok=1
Cmd: compileSnippet
  api=9 type=0 insize=3853 outsize=4660 kw=DUMMY SGT_A LIGHT_0 ok=1
Cmd: compileSnippet
  api=9 type=0 insize=3853 outsize=5630 kw=DUMMY SGT_D SGT_A LIGHT_0 ok=1
Cmd: compileSnippet
  api=9 type=0 insize=3853 outsize=3214 kw=DUMMY SGT_E SGT_C SGT_A ok=1
Cmd: compileSnippet
  api=5 type=0 insize=3853 outsize=6106 kw=DUMMY SGT_D SGT_C SGT_A LIGHT_0 ok=1
Cmd: compileSnippet
  api=9 type=0 insize=3853 outsize=4614 kw=DUMMY SGT_A SGT_B LIGHT_0 ok=1
Cmd: compileSnippet
  api=5 type=0 insize=3853 outsize=5558 kw=DUMMY SGT_D SGT_A SGT_B LIGHT_0 ok=1
Cmd: compileSnippet
  api=9 type=0 insize=3853 outsize=3189 kw=DUMMY SGT_E SGT_C SGT_A SGT_B ok=1
Cmd: compileSnippet
  api=5 type=0 insize=3853 outsize=6039 kw=DUMMY SGT_D SGT_C SGT_A SGT_B LIGHT_0 ok=1
Cmd: compileSnippet
  api=5 type=1 insize=3853 outsize=6 kw=DUMMY LIGHT_0 ok=1
Cmd: compileSnippet
  api=9 type=1 insize=3853 outsize=7 kw=DUMMY SGT_D ok=1
Cmd: compileSnippet
  api=9 type=1 insize=3853 outsize=7 kw=DUMMY SGT_C ok=1
Cmd: compileSnippet
  api=9 type=1 insize=3853 outsize=7 kw=DUMMY SGT_D SGT_C ok=1
Cmd: compileSnippet
  api=9 type=1 insize=3853 outsize=7 kw=DUMMY SGT_B ok=1
Cmd: compileSnippet
  api=9 type=1 insize=3853 outsize=7 kw=DUMMY SGT_D SGT_B ok=1
Cmd: compileSnippet
  api=9 type=1 insize=3853 outsize=7 kw=DUMMY SGT_C SGT_B ok=1
Cmd: compileSnippet
  api=9 type=1 insize=3853 outsize=7 kw=DUMMY SGT_D SGT_C SGT_B ok=1
Cmd: compileSnippet
  api=9 type=1 insize=3853 outsize=7 kw=DUMMY SGT_A ok=1
Cmd: compileSnippet
  api=9 type=1 insize=3853 outsize=7 kw=DUMMY SGT_D SGT_A ok=1
Cmd: compileSnippet
  api=9 type=1 insize=3853 outsize=7 kw=DUMMY SGT_C SGT_A ok=1
Cmd: compileSnippet
  api=9 type=1 insize=3853 outsize=7 kw=DUMMY SGT_D SGT_C SGT_A ok=1
Cmd: compileSnippet
  api=5 type=1 insize=3853 outsize=6 kw=DUMMY SGT_A SGT_B ok=1
Cmd: compileSnippet
  api=5 type=1 insize=3853 outsize=6 kw=DUMMY SGT_D SGT_A SGT_B ok=1
Cmd: compileSnippet
  api=5 type=1 insize=3853 outsize=6 kw=DUMMY SGT_C SGT_A SGT_B ok=1
Cmd: compileSnippet
  api=5 type=1 insize=3853 outsize=6 kw=DUMMY SGT_D SGT_C SGT_A SGT_B ok=1
Cmd: compileSnippet
  api=9 type=1 insize=2129 outsize=7 kw= ok=1
Cmd: compileSnippet
  api=9 type=0 insize=4077 outsize=1722 kw=DUMMY LIGHT_1 ok=1
Cmd: compileSnippet
  api=9 type=0 insize=4077 outsize=1670 kw=DUMMY SGT_E ok=1
Cmd: compileSnippet
  api=5 type=0 insize=4077 outsize=1676 kw=DUMMY SGT_D ok=1
Cmd: compileSnippet
  api=9 type=0 insize=4077 outsize=2741 kw=DUMMY LIGHT_2 LIGHT_1 SGT_D ok=1
Cmd: compileSnippet
  api=9 type=0 insize=4077 outsize=2910 kw=DUMMY LIGHT_2 LIGHT_1 SGT_E SGT_D ok=1
Cmd: compileSnippet
  api=5 type=0 insize=4077 outsize=1690 kw=DUMMY SGT_E SGT_C ok=1
Cmd: compileSnippet
  api=9 type=0 insize=4077 outsize=2516 kw=DUMMY LIGHT_2 LIGHT_1 SGT_E SGT_C ok=1
Cmd: compileSnippet
  api=5 type=0 insize=4077 outsize=1863 kw=DUMMY SGT_E SGT_D SGT_C ok=1
Cmd: compileSnippet
  api=5 type=0 insize=4077 outsize=1863 kw=DUMMY LIGHT_1 SGT_E SGT_D SGT_C ok=1
Cmd: compileSnippet
  api=5 type=0 insize=4077 outsize=2797 kw=DUMMY LIGHT_2 SGT_A ok=1
Cmd: compileSnippet
  api=5 type=0 insize=4077 outsize=2340 kw=DUMMY LIGHT_1 SGT_E SGT_A ok=1
Cmd: compileSnippet
  api=5 type=0 insize=4077 outsize=1787 kw=DUMMY SGT_C SGT_A ok=1
Cmd: compileSnippet
  api=9 type=0 insize=4077 outsize=1785 kw=DUMMY LIGHT_1 SGT_C SGT_A ok=1
Cmd: compileSnippet
  api=9 type=0 insize=4077 outsize=2914 kw=DUMMY LIGHT_2 SGT_E SGT_C SGT_A ok=1
Cmd: compileSnippet
  api=9 type=0 insize=4077 outsize=2918 kw=DUMMY LIGHT_2 LIGHT_1 SGT_D SGT_C SGT_A ok=1
Cmd: compileSnippet
  api=9 type=0 insize=4077 outsize=3087 kw=LIGHT_2 LIGHT_1 SGT_E SGT_D SGT_C SGT_A ok=1
Cmd: compileSnippet
  api=5 type=0 insize=4077 outsize=2099 kw=DUMMY SGT_E SGT_B ok=1
Cmd: compileSnippet
  api=5 type=0 insize=4077 outsize=3189 kw=DUMMY LIGHT_2 LIGHT_1 SGT_E SGT_B ok=1
Cmd: compileSnippet
  api=5 type=0 insize=4077 outsize=2272 kw=DUMMY SGT_E SGT_D SGT_B ok=1
Cmd: compileSnippet
  api=5 type=0 insize=4077 outsize=3362 kw=DUMMY LIGHT_2 LIGHT_1 SGT_E SGT_D SGT_B ok=1
Cmd: compileSnippet
  api=5 type=0 insize=4077 outsize=2918 kw=DUMMY LIGHT_2 SGT_E SGT_C SGT_B ok=1
Cmd: compileSnippet
  api=5 type=0 insize=4077 outsize=2073 kw=DUMMY LIGHT_1 SGT_D SGT_C SGT_B ok=1
Cmd: compileSnippet
  api=5 type=0 insize=4077 outsize=2242 kw=DUMMY SGT_E SGT_D SGT_C SGT_B ok=1
Cmd: compileSnippet
  api=5 type=0 insize=4077 outsize=3091 kw=LIGHT_2 LIGHT_1 SGT_E SGT_D SGT_C SGT_B ok=1
Cmd: compileSnippet
  api=5 type=1 insize=4077 outsize=6 kw=DUMMY LIGHT_1 ok=1
Cmd: compileSnippet
  api=5 type=1 insize=4077 outsize=6 kw=DUMMY SGT_E ok=1
Cmd: compileSnippet
  api=5 type=1 insize=4077 outsize=6 kw=DUMMY SGT_D ok=1
Cmd: compileSnippet
  api=5 type=1 insize=4077 outsize=6 kw=DUMMY SGT_E SGT_D ok=1
Cmd: compileSnippet
  api=5 type=1 insize=4077 outsize=6 kw=DUMMY SGT_C ok=1
Cmd: compileSnippet
  api=5 type=1 insize=4077 outsize=6 kw=DUMMY SGT_E SGT_C ok=1
Cmd: compileSnippet
  api=5 type=1 insize=4077 outsize=6 kw=DUMMY SGT_D SGT_C ok=1
Cmd: compileSnippet
  api=5 type=1 insize=4077 outsize=6 kw=DUMMY SGT_E SGT_D SGT_C ok=1
Cmd: compileSnippet
  api=5 type=1 insize=4077 outsize=6 kw=DUMMY SGT_A ok=1
Cmd: compileSnippet
  api=5 type=1 insize=4077 outsize=6 kw=DUMMY SGT_E SGT_A ok=1
Cmd: compileSnippet
  api=5 type=1 insize=4077 outsize=6 kw=DUMMY SGT_D SGT_A ok=1
Cmd: compileSnippet
  api=9 type=1 insize=4077 outsize=7 kw=DUMMY LIGHT_2 LIGHT_1 SGT_D SGT_A ok=1
Cmd: compileSnippet
  api=9 type=1 insize=4077 outsize=7 kw=DUMMY LIGHT_2 LIGHT_1 SGT_E SGT_D SGT_A ok=1
Cmd: compileSnippet
  api=9 type=1 insize=4077 outsize=7 kw=DUMMY LIGHT_2 LIGHT_1 SGT_C SGT_A ok=1
Cmd: compileSnippet
  api=9 type=1 insize=4077 outsize=7 kw=DUMMY LIGHT_2 LIGHT_1 SGT_E SGT_C SGT_A ok=1
Cmd: compileSnippet
  api=9 type=1 insize=4077 outsize=7 kw=DUMMY LIGHT_2 LIGHT_1 SGT_D SGT_C SGT_A ok=1
Cmd: compileSnippet
  api=9 type=1 insize=4077 outsize=7 kw=LIGHT_2 LIGHT_1 SGT_E SGT_D SGT_C SGT_A ok=1
Cmd: compileSnippet
  api=9 type=1 insize=4077 outsize=7 kw=DUMMY LIGHT_2 LIGHT_1 SGT_B ok=1
Cmd: compileSnippet
  api=9 type=1 insize=4077 outsize=7 kw=DUMMY LIGHT_2 LIGHT_1 SGT_E SGT_B ok=1
Cmd: compileSnippet
  api=9 type=1 insize=4077 outsize=7 kw=DUMMY LIGHT_2 LIGHT_1 SGT_D SGT_B ok=1
Cmd: compileSnippet
  api=9 type=1 insize=4077 outsize=7 kw=DUMMY LIGHT_2 LIGHT_1 SGT_E SGT_D SGT_B ok=1
Cmd: compileSnippet
  api=9 type=1 insize=4077 outsize=7 kw=DUMMY LIGHT_2 LIGHT_1 SGT_C SGT_B ok=1
Cmd: compileSnippet
  api=9 type=1 insize=4077 outsize=7 kw=DUMMY LIGHT_2 LIGHT_1 SGT_E SGT_C SGT_B ok=1
Cmd: compileSnippet
  api=9 type=1 insize=4077 outsize=7 kw=DUMMY LIGHT_2 LIGHT_1 SGT_D SGT_C SGT_B ok=1
Cmd: compileSnippet
  api=9 type=1 insize=4077 outsize=7 kw=LIGHT_2 LIGHT_1 SGT_E SGT_D SGT_C SGT_B ok=1
Cmd: compileSnippet
  api=9 type=0 insize=3342 outsize=1535 kw=DUMMY SGT_A SHADOW_1 ok=1
Cmd: compileSnippet
  api=9 type=0 insize=3342 outsize=827 kw=DUMMY LIGHT_0 ok=1
Cmd: compileSnippet
  api=5 type=0 insize=3342 outsize=925 kw=DUMMY LIGHT_0 SHADOW_2 ok=1
Cmd: compileSnippet
  api=5 type=0 insize=3342 outsize=2252 kw=DUMMY LIGHT_1 SHADOW_1 ok=1
Cmd: compileSnippet
  api=5 type=0 insize=3342 outsize=2043 kw=DUMMY LIGHT_2 ok=1
Cmd: compileSnippet
  api=9 type=0 insize=3342 outsize=2502 kw=DUMMY LIGHT_2 SGT_A ok=1
Cmd: compileSnippet
  api=5 type=1 insize=3342 outsize=6 kw=DUMMY ok=1
Cmd: compileSnippet
  api=5 type=1 insize=3342 outsize=6 kw=DUMMY SGT_A SHADOW_2 ok=1
Cmd: compileSnippet
  api=5 type=1 insize=3342 outsize=6 kw=SGT_A LIGHT_0 SHADOW_1 ok=1
Cmd: compileSnippet
  api=9 type=1 insize=3342 outsize=7 kw=DUMMY LIGHT_1 ok=1
Cmd: compileSnippet
  api=9 type=1 insize=3342 outsize=7 kw=DUMMY LIGHT_1 SHADOW_2 ok=1
Cmd: compileSnippet
  api=9 type=1 insize=3342 outsize=7 kw=DUMMY LIGHT_2 SHADOW_1 ok=1
Cmd: compileSnippet
  api=5 type=0 insize=2768 outsize=1351 kw=DUMMY ok=1
Cmd: compileSnippet
  api=5 type=0 insize=2768 outsize=2703 kw=DUMMY SHADOW_2 ok=1
Cmd: compileSnippet
  api=5 type=0 insize=2768 outsize=1516 kw=DUMMY LIGHT_0 SHADOW_1 ok=1
Cmd: compileSnippet
  api=5 type=0 insize=2768 outsize=1841 kw=SGT_A LIGHT_0 SHADOW_2 ok=1
Cmd: compileSnippet
  api=5 type=0 insize=2768 outsize=2912 kw=LIGHT_1 SGT_A SHADOW_1 ok=1
Cmd: compileSnippet
  api=9 type=0 insize=2768 outsize=2188 kw=DUMMY LIGHT_2 ok=1
Cmd: compileSnippet
  api=9 type=0 insize=2768 outsize=3500 kw=DUMMY LIGHT_2 SHADOW_2 ok=1
Cmd: compileSnippet
  api=5 type=1 insize=2768 outsize=6 kw=DUMMY SGT_A ok=1
Cmd: compileSnippet
  api=5 type=1 insize=2768 outsize=6 kw=DUMMY LIGHT_0 ok=1
Cmd: compileSnippet
  api=9 type=1 insize=2768 outsize=7 kw=DUMMY LIGHT_0 SHADOW_2 ok=1
Cmd: compileSnippet
  api=5 type=1 insize=2768 outsize=6 kw=DUMMY LIGHT_1 SGT_A ok=1
Cmd: compileSnippet
  api=9 type=1 insize=2768 outsize=7 kw=DUMMY LIGHT_1 SHADOW_2 ok=1
Cmd: compileSnippet
  api=9 type=1 insize=2768 outsize=7 kw=DUMMY LIGHT_2 SHADOW_1 ok=1
Cmd: compileSnippet
  api=5 type=0 insize=2012 outsize=1275 kw=DUMMY ok=1
Cmd: compileSnippet
  api=5 type=1 insize=2012 outsize=6 kw=DUMMY ok=1
Cmd: compileSnippet
  api=5 type=0 insize=4832 outsize=1285 kw=DUMMY ok=1
Cmd: compileSnippet
  api=5 type=0 insize=4832 outsize=1370 kw=DUMMY SGT_B ok=1
Cmd: compileSnippet
  api=9 type=0 insize=4832 outsize=1396 kw=DUMMY SGT_D SGT_C SGT_B ok=1
Cmd: compileSnippet
  api=9 type=0 insize=4832 outsize=1608 kw=DUMMY SGT_D SGT_C SGT_A ok=1
Cmd: compileSnippet
  api=9 type=0 insize=4832 outsize=1693 kw=DUMMY SGT_D SGT_C SGT_A SGT_B ok=1
Cmd: compileSnippet
  api=5 type=0 insize=4832 outsize=2052 kw=DUMMY SGT_D SGT_C SHADOW_1 ok=1
Cmd: compileSnippet
  api=5 type=0 insize=4832 outsize=2211 kw=DUMMY SGT_D SGT_C SGT_B SHADOW_1 ok=1
Cmd: compileSnippet
  api=5 type=0 insize=4832 outsize=2349 kw=DUMMY SGT_D SGT_C SGT_A SHADOW_1 ok=1
Cmd: compileSnippet
  api=9 type=0 insize=4832 outsize=2523 kw=DUMMY SGT_C SGT_A SGT_B SHADOW_1 ok=1
Cmd: compileSnippet
  api=9 type=0 insize=4832 outsize=2620 kw=DUMMY SGT_C SHADOW_2 ok=1
Cmd: compileSnippet
  api=9 type=0 insize=4832 outsize=2783 kw=DUMMY SGT_C SGT_B SHADOW_2 ok=1
Cmd: compileSnippet
  api=9 type=0 insize=4832 outsize=2917 kw=DUMMY SGT_C SGT_A SHADOW_2 ok=1
Cmd: compileSnippet
  api=5 type=0 insize=4832 outsize=3067 kw=DUMMY SGT_C SGT_A SGT_B SHADOW_2 ok=1
Cmd: compileSnippet
  api=9 type=0 insize=4832 outsize=1377 kw=DUMMY SGT_D LIGHT_0 ok=1
Cmd: compileSnippet
  api=5 type=0 insize=4832 outsize=1436 kw=DUMMY SGT_B LIGHT_0 ok=1
Cmd: compileSnippet
  api=5 type=0 insize=4832 outsize=1648 kw=DUMMY SGT_A LIGHT_0 ok=1
Cmd: compileSnippet
  api=5 type=0 insize=4832 outsize=1648 kw=DUMMY SGT_D SGT_C SGT_A LIGHT_0 ok=1
Cmd: compileSnippet
  api=5 type=0 insize=4832 outsize=1459 kw=DUMMY LIGHT_0 SHADOW_1 ok=1
Cmd: compileSnippet
  api=9 type=0 insize=4832 outsize=1481 kw=DUMMY SGT_C LIGHT_0 SHADOW_1 ok=1
Cmd: compileSnippet
  api=9 type=0 insize=4832 outsize=1566 kw=DUMMY SGT_C SGT_B LIGHT_0 SHADOW_1 ok=1
Cmd: compileSnippet
  api=9 type=0 insize=4832 outsize=1863 kw=DUMMY SGT_A SGT_B LIGHT_0 SHADOW_1 ok=1
Cmd: compileSnippet
  api=5 type=0 insize=4832 outsize=1459 kw=DUMMY SGT_D LIGHT_0 SHADOW_2 ok=1
Cmd: compileSnippet
  api=9 type=0 insize=4832 outsize=1481 kw=DUMMY SGT_D SGT_C LIGHT_0 SHADOW_2 ok=1
Cmd: compileSnippet
  api=5 type=0 insize=4832 outsize=1756 kw=DUMMY SGT_A LIGHT_0 SHADOW_2 ok=1
Cmd: compileSnippet
  api=5 type=0 insize=4832 outsize=1841 kw=DUMMY SGT_A SGT_B LIGHT_0 SHADOW_2 ok=1
Cmd: compileSnippet
  api=5 type=0 insize=4832 outsize=1894 kw=DUMMY LIGHT_1 ok=1
Cmd: compileSnippet
  api=5 type=0 insize=4832 outsize=1979 kw=DUMMY LIGHT_1 SGT_B ok=1
Cmd: compileSnippet
  api=9 type=0 insize=4832 outsize=2979 kw=DUMMY LIGHT_1 SGT_D SGT_C SGT_B ok=1
Cmd: compileSnippet
  api=9 type=0 insize=4832 outsize=2283 kw=DUMMY LIGHT_1 SGT_A SGT_B ok=1
Cmd: compileSnippet
  api=9 type=0 insize=4832 outsize=2954 kw=DUMMY LIGHT_1 SGT_D SHADOW_1 ok=1
Cmd: compileSnippet
  api=5 type=0 insize=4832 outsize=4133 kw=DUMMY LIGHT_1 SGT_D SGT_C SGT_B SHADOW_1 ok=1
Cmd: compileSnippet
  api=5 type=0 insize=4832 outsize=4262 kw=DUMMY LIGHT_1 SGT_C SGT_A SGT_B SHADOW_1 ok=1
Cmd: compileSnippet
  api=9 type=0 insize=4832 outsize=3882 kw=DUMMY LIGHT_1 SHADOW_2 ok=1
Cmd: compileSnippet
  api=9 type=0 insize=4832 outsize=3972 kw=DUMMY LIGHT_1 SGT_B SHADOW_2 ok=1
Cmd: compileSnippet
  api=5 type=0 insize=4832 outsize=4173 kw=DUMMY LIGHT_1 SGT_D SGT_A SHADOW_2 ok=1
Cmd: compileSnippet
  api=5 type=0 insize=4832 outsize=4263 kw=DUMMY LIGHT_1 SGT_D SGT_A SGT_B SHADOW_2 ok=1
Cmd: compileSnippet
  api=5 type=0 insize=4832 outsize=2367 kw=DUMMY LIGHT_2 SGT_D ok=1
Cmd: compileSnippet
  api=9 type=0 insize=4832 outsize=2456 kw=DUMMY LIGHT_2 SGT_B ok=1
Cmd: compileSnippet
  api=9 type=0 insize=4832 outsize=2660 kw=DUMMY LIGHT_2 SGT_A ok=1
Cmd: compileSnippet
  api=9 type=0 insize=4832 outsize=2745 kw=DUMMY LIGHT_2 SGT_A SGT_B ok=1
Cmd: compileSnippet
  api=5 type=0 insize=4832 outsize=3507 kw=DUMMY LIGHT_2 SHADOW_1 ok=1
Cmd: compileSnippet
  api=9 type=0 insize=4832 outsize=3588 kw=DUMMY LIGHT_2 SGT_B SHADOW_1 ok=1
Cmd: compileSnippet
  api=5 type=0 insize=4832 outsize=3800 kw=DUMMY LIGHT_2 SGT_D SGT_A SHADOW_1 ok=1
Cmd: compileSnippet
  api=9 type=0 insize=4832 outsize=3881 kw=DUMMY LIGHT_2 SGT_D SGT_A SGT_B SHADOW_1 ok=1
Cmd: compileSnippet
  api=9 type=0 insize=4832 outsize=4426 kw=DUMMY LIGHT_2 SGT_D SHADOW_2 ok=1
Cmd: compileSnippet
  api=9 type=0 insize=4832 outsize=4516 kw=DUMMY LIGHT_2 SGT_D SGT_B SHADOW_2 ok=1
Cmd: compileSnippet
  api=9 type=0 insize=4832 outsize=4719 kw=DUMMY LIGHT_2 SGT_D SGT_A SHADOW_2 ok=1
Cmd: compileSnippet
  api=9 type=0 insize=4832 outsize=4809 kw=DUMMY LIGHT_2 SGT_D SGT_A SGT_B SHADOW_2 ok=1
Cmd: compileSnippet
  api=9 type=1 insize=4832 outsize=7 kw=DUMMY SGT_D ok=1
Cmd: compileSnippet
  api=9 type=1 insize=4832 outsize=7 kw=DUMMY SGT_D SGT_B ok=1
Cmd: compileSnippet
  api=5 type=1 insize=4832 outsize=6 kw=DUMMY SGT_D SGT_A ok=1
Cmd: compileSnippet
  api=5 type=1 insize=4832 outsize=6 kw=DUMMY SGT_D SGT_A SGT_B ok=1
Cmd: compileSnippet
  api=5 type=1 insize=4832 outsize=6 kw=DUMMY SGT_D SHADOW_1 ok=1
Cmd: compileSnippet
  api=5 type=1 insize=4832 outsize=6 kw=DUMMY SGT_D SGT_B SHADOW_1 ok=1
Cmd: compileSnippet
  api=5 type=1 insize=4832 outsize=6 kw=DUMMY SGT_D SGT_A SHADOW_1 ok=1
Cmd: compileSnippet
  api=9 type=1 insize=4832 outsize=7 kw=DUMMY SGT_A SGT_B SHADOW_1 ok=1
Cmd: compileSnippet
  api=5 type=1 insize=4832 outsize=6 kw=DUMMY SGT_D SHADOW_2 ok=1
Cmd: compileSnippet
  api=9 type=1 insize=4832 outsize=7 kw=DUMMY SGT_B SHADOW_2 ok=1
Cmd: compileSnippet
  api=5 type=1 insize=4832 outsize=6 kw=DUMMY SGT_C SGT_A SHADOW_2 ok=1
Cmd: compileSnippet
  api=9 type=1 insize=4832 outsize=7 kw=DUMMY SGT_D SGT_A SGT_B SHADOW_2 ok=1
Cmd: compileSnippet
  api=9 type=1 insize=4832 outsize=7 kw=DUMMY LIGHT_0 ok=1
Cmd: compileSnippet
  api=9 type=1 insize=4832 outsize=7 kw=DUMMY SGT_B LIGHT_0 ok=1
Cmd: compileSnippet
  api=9 type=1 insize=4832 outsize=7 kw=DUMMY SGT_D SGT_C SGT_A LIGHT_0 ok=1
Cmd: compileSnippet
  api=9 type=1 insize=4832 outsize=7 kw=DUMMY SGT_D SGT_C SGT_A SGT_B LIGHT_0 ok=1
Cmd: compileSnippet
  api=9 type=1 insize=4832 outsize=7 kw=DUMMY LIGHT_0 SHADOW_1 ok=1
Cmd: compileSnippet
  api=5 type=1 insize=4832 outsize=6 kw=DUMMY SGT_D SGT_B LIGHT_0 SHADOW_1 ok=1
Cmd: compileSnippet
  api=9 type=1 insize=4832 outsize=7 kw=DUMMY SGT_A LIGHT_0 SHADOW_1 ok=1
Cmd: compileSnippet
  api=5 type=1 insize=4832 outsize=6 kw=DUMMY SGT_A SGT_B LIGHT_0 SHADOW_1 ok=1
Cmd: compileSnippet
  api=5 type=1 insize=4832 outsize=6 kw=DUMMY LIGHT_0 SHADOW_2 ok=1
Cmd: compileSnippet
  api=5 type=1 insize=4832 outsize=6 kw=DUMMY SGT_B LIGHT_0 SHADOW_2 ok=1
Cmd: compileSnippet
  api=5 type=1 insize=4832 outsize=6 kw=DUMMY SGT_A LIGHT_0 SHADOW_2 ok=1
Cmd: compileSnippet
  api=5 type=1 insize=4832 outsize=6 kw=DUMMY SGT_A SGT_B LIGHT_0 SHADOW_2 ok=1
Cmd: compileSnippet
  api=5 type=1 insize=4832 outsize=6 kw=DUMMY LIGHT_1 ok=1
Cmd: compileSnippet
  api=5 type=1 insize=4832 outsize=6 kw=DUMMY LIGHT_1 SGT_B ok=1
Cmd: compileSnippet
  api=5 type=1 insize=4832 outsize=6 kw=DUMMY LIGHT_1 SGT_A ok=1
Cmd: compileSnippet
  api=5 type=1 insize=4832 outsize=6 kw=DUMMY LIGHT_1 SGT_D SGT_A SGT_B ok=1
Cmd: compileSnippet
  api=9 type=1 insize=4832 outsize=7 kw=DUMMY LIGHT_1 SHADOW_1 ok=1
Cmd: compileSnippet
  api=9 type=1 insize=4832 outsize=7 kw=DUMMY LIGHT_1 SGT_C SGT_B SHADOW_1 ok=1
Cmd: compileSnippet
  api=5 type=1 insize=4832 outsize=6 kw=DUMMY LIGHT_1 SGT_D SGT_A SHADOW_1 ok=1
Cmd: compileSnippet
  api=9 type=1 insize=4832 outsize=7 kw=DUMMY LIGHT_1 SGT_A SGT_B SHADOW_1 ok=1
Cmd: compileSnippet
  api=5 type=1 insize=4832 outsize=6 kw=DUMMY LIGHT_1 SGT_D SHADOW_2 ok=1
Cmd: compileSnippet
  api=9 type=1 insize=4832 outsize=7 kw=DUMMY LIGHT_1 SGT_B SHADOW_2 ok=1
Cmd: compileSnippet
  api=9 type=1 insize=4832 outsize=7 kw=DUMMY LIGHT_1 SGT_D SGT_A SHADOW_2 ok=1
Cmd: compileSnippet
  api=9 type=1 insize=4832 outsize=7 kw=DUMMY LIGHT_1 SGT_A SGT_B SHADOW_2 ok=1
Cmd: compileSnippet
  api=5 type=1 insize=4832 outsize=6 kw=DUMMY LIGHT_2 SGT_D ok=1
Cmd: compileSnippet
  api=9 type=1 insize=4832 outsize=7 kw=DUMMY LIGHT_2 SGT_B ok=1
Cmd: compileSnippet
  api=5 type=1 insize=4832 outsize=6 kw=DUMMY LIGHT_2 SGT_D SGT_C SGT_A ok=1
Cmd: compileSnippet
  api=9 type=1 insize=4832 outsize=7 kw=DUMMY LIGHT_2 SGT_C SGT_A SGT_B ok=1
Cmd: compileSnippet
  api=9 type=1 insize=4832 outsize=7 kw=DUMMY LIGHT_2 SGT_D SHADOW_1 ok=1
Cmd: compileSnippet
  api=9 type=1 insize=4832 outsize=7 kw=DUMMY LIGHT_2 SGT_B SHADOW_1 ok=1
Cmd: compileSnippet
  api=5 type=1 insize=4832 outsize=6 kw=DUMMY LIGHT_2 SGT_D SGT_C SGT_A SHADOW_1 ok=1
Cmd: compileSnippet
  api=5 type=1 insize=4832 outsize=6 kw=LIGHT_2 SGT_D SGT_C SGT_A SGT_B SHADOW_1 ok=1
Cmd: compileSnippet
  api=5 type=1 insize=4832 outsize=6 kw=DUMMY LIGHT_2 SGT_C SHADOW_2 ok=1
Cmd: compileSnippet
  api=5 type=1 insize=4832 outsize=6 kw=DUMMY LIGHT_2 SGT_D SGT_B SHADOW_2 ok=1
Cmd: compileSnippet
  api=9 type=1 insize=4832 outsize=7 kw=DUMMY LIGHT_2 SGT_A SHADOW_2 ok=1
Cmd: compileSnippet
  api=5 type=1 insize=4832 outsize=6 kw=DUMMY LIGHT_2 SGT_C SGT_A SGT_B SHADOW_2 ok=1
Cmd: compileSnippet
  api=9 type=0 insize=3497 outsize=1316 kw=DUMMY ok=1
Cmd: compileSnippet
  api=5 type=0 insize=3497 outsize=2679 kw=DUMMY SGT_A SHADOW_2 ok=1
Cmd: compileSnippet
  api=5 type=0 insize=3497 outsize=2736 kw=SGT_A LIGHT_0 SHADOW_2 ok=1
Cmd: compileSnippet
  api=9 type=0 insize=3497 outsize=2684 kw=DUMMY LIGHT_1 SHADOW_1 ok=1
Cmd: compileSnippet
  api=5 type=0 insize=3497 outsize=3483 kw=LIGHT_1 SGT_A SHADOW_2 ok=1
Cmd: compileSnippet
  api=9 type=0 insize=3497 outsize=3559 kw=DUMMY LIGHT_2 SHADOW_2 ok=1
Cmd: compileSnippet
  api=9 type=1 insize=3497 outsize=7 kw=DUMMY SGT_A ok=1
Cmd: compileSnippet
  api=5 type=1 insize=3497 outsize=6 kw=DUMMY SGT_A SHADOW_2 ok=1
Cmd: compileSnippet
  api=5 type=1 insize=3497 outsize=6 kw=SGT_A LIGHT_0 SHADOW_1 ok=1
Cmd: compileSnippet
  api=5 type=1 insize=3497 outsize=6 kw=DUMMY LIGHT_1 SGT_A ok=1
Cmd: compileSnippet
  api=5 type=1 insize=3497 outsize=6 kw=LIGHT_1 SGT_A SHADOW_2 ok=1
Cmd: compileSnippet
  api=5 type=1 insize=3497 outsize=6 kw=LIGHT_2 SGT_A SHADOW_1 ok=1
Cmd: compileSnippet
  api=9 type=0 insize=4621 outsize=1537 kw=DUMMY ok=1
Cmd: compileSnippet
  api=9 type=0 insize=4621 outsize=1535 kw=DUMMY SGT_C ok=1
Cmd: compileSnippet
  api=5 type=0 insize=4621 outsize=1609 kw=DUMMY SGT_D SGT_B ok=1
Cmd: compileSnippet
  api=5 type=0 insize=4621 outsize=1607 kw=DUMMY SGT_D SGT_C SGT_B ok=1
Cmd: compileSnippet
  api=5 type=0 insize=4621 outsize=1725 kw=DUMMY SGT_D SGT_A ok=1
Cmd: compileSnippet
  api=9 type=0 insize=4621 outsize=1736 kw=DUMMY SGT_E SGT_D SGT_C SGT_A ok=1
Cmd: compileSnippet
  api=9 type=0 insize=4621 outsize=1823 kw=DUMMY SGT_E SGT_D SGT_A SGT_B ok=1
Cmd: compileSnippet
  api=9 type=0 insize=4621 outsize=1821 kw=DUMMY SGT_E SGT_D SGT_C SGT_A SGT_B ok=1
Cmd: compileSnippet
  api=9 type=0 insize=4621 outsize=2299 kw=DUMMY SGT_E SHADOW_1 ok=1
Cmd: compileSnippet
  api=9 type=0 insize=4621 outsize=2297 kw=DUMMY SGT_E SGT_C SHADOW_1 ok=1
Cmd: compileSnippet
  api=9 type=0 insize=4621 outsize=2462 kw=DUMMY SGT_D SGT_B SHADOW_1 ok=1
Cmd: compileSnippet
  api=9 type=0 insize=4621 outsize=2460 kw=DUMMY SGT_E SGT_C SGT_B SHADOW_1 ok=1
Cmd: compileSnippet
  api=9 type=0 insize=4621 outsize=2498 kw=DUMMY SGT_E SGT_A SHADOW_1 ok=1
Cmd: compileSnippet
  api=9 type=0 insize=4621 outsize=2496 kw=DUMMY SGT_E SGT_C SGT_A SHADOW_1 ok=1
Cmd: compileSnippet
  api=9 type=0 insize=4621 outsize=2661 kw=DUMMY SGT_E SGT_A SGT_B SHADOW_1 ok=1
Cmd: compileSnippet
  api=5 type=0 insize=4621 outsize=2657 kw=DUMMY SGT_C SGT_A SGT_B SHADOW_1 ok=1
Cmd: compileSnippet
  api=5 type=0 insize=4621 outsize=2856 kw=DUMMY SGT_E SHADOW_2 ok=1
Cmd: compileSnippet
  api=5 type=0 insize=4621 outsize=2854 kw=DUMMY SGT_E SGT_C SHADOW_2 ok=1
Cmd: compileSnippet
  api=9 type=0 insize=4621 outsize=3019 kw=DUMMY SGT_B SHADOW_2 ok=1
Cmd: compileSnippet
  api=9 type=0 insize=4621 outsize=3017 kw=DUMMY SGT_C SGT_B SHADOW_2 ok=1
Cmd: compileSnippet
  api=9 type=0 insize=4621 outsize=3017 kw=DUMMY SGT_E SGT_D SGT_C SGT_B SHADOW_2 ok=1
Cmd: compileSnippet
  api=9 type=0 insize=4621 outsize=3055 kw=DUMMY SGT_E SGT_D SGT_A SHADOW_2 ok=1
Cmd: compileSnippet
  api=9 type=0 insize=4621 outsize=3218 kw=DUMMY SGT_A SGT_B SHADOW_2 ok=1
Cmd: compileSnippet
  api=9 type=0 insize=4621 outsize=3216 kw=DUMMY SGT_C SGT_A SGT_B SHADOW_2 ok=1
Cmd: compileSnippet
  api=9 type=0 insize=4621 outsize=3216 kw=DUMMY SGT_E SGT_D SGT_C SGT_A SGT_B SHADOW_2 ok=1
Cmd: compileSnippet
  api=9 type=0 insize=4621 outsize=1690 kw=DUMMY SGT_E SGT_C LIGHT_0 ok=1
Cmd: compileSnippet
  api=9 type=0 insize=4621 outsize=1777 kw=DUMMY SGT_D SGT_B LIGHT_0 ok=1
Cmd: compileSnippet
  api=5 type=0 insize=4621 outsize=1762 kw=DUMMY SGT_E SGT_C SGT_B LIGHT_0 ok=1
Cmd: compileSnippet
  api=9 type=0 insize=4621 outsize=1893 kw=DUMMY SGT_E SGT_A LIGHT_0 ok=1
Cmd: compileSnippet
  api=5 type=0 insize=4621 outsize=1878 kw=DUMMY SGT_E SGT_C SGT_A LIGHT_0 ok=1
Cmd: compileSnippet
  api=9 type=0 insize=4621 outsize=1978 kw=DUMMY SGT_E SGT_D SGT_A SGT_B LIGHT_0 ok=1
Cmd: compileSnippet
  api=5 type=0 insize=4621 outsize=1793 kw=DUMMY SGT_E LIGHT_0 SHADOW_1 ok=1
Cmd: compileSnippet
  api=5 type=0 insize=4621 outsize=1791 kw=DUMMY SGT_C LIGHT_0 SHADOW_1 ok=1
Cmd: compileSnippet
  api=5 type=0 insize=4621 outsize=1878 kw=DUMMY SGT_B LIGHT_0 SHADOW_1 ok=1
Cmd: compileSnippet
  api=9 type=0 insize=4621 outsize=1885 kw=DUMMY SGT_C SGT_B LIGHT_0 SHADOW_1 ok=1
Cmd: compileSnippet
  api=9 type=0 insize=4621 outsize=2001 kw=DUMMY SGT_A LIGHT_0 SHADOW_1 ok=1
Cmd: compileSnippet
  api=9 type=0 insize=4621 outsize=1999 kw=DUMMY SGT_E SGT_D SGT_C SGT_A LIGHT_0 SHADOW_1 ok=1
Cmd: compileSnippet
  api=9 type=0 insize=4621 outsize=2084 kw=DUMMY SGT_E SGT_C SGT_A SGT_B LIGHT_0 SHADOW_1 ok=1
Cmd: compileSnippet
  api=5 type=0 insize=4621 outsize=1793 kw=DUMMY SGT_E LIGHT_0 SHADOW_2 ok=1
Cmd: compileSnippet
  api=9 type=0 insize=4621 outsize=1800 kw=DUMMY SGT_E SGT_C LIGHT_0 SHADOW_2 ok=1
Cmd: compileSnippet
  api=5 type=0 insize=4621 outsize=1878 kw=DUMMY SGT_D SGT_B LIGHT_0 SHADOW_2 ok=1
Cmd: compileSnippet
  api=5 type=0 insize=4621 outsize=1876 kw=DUMMY SGT_D SGT_C SGT_B LIGHT_0 SHADOW_2 ok=1
Cmd: compileSnippet
  api=5 type=0 insize=4621 outsize=1992 kw=DUMMY SGT_D SGT_A LIGHT_0 SHADOW_2 ok=1
Cmd: compileSnippet
  api=9 type=0 insize=4621 outsize=1999 kw=DUMMY SGT_C SGT_A LIGHT_0 SHADOW_2 ok=1
Cmd: compileSnippet
  api=9 type=0 insize=4621 outsize=2086 kw=DUMMY SGT_A SGT_B LIGHT_0 SHADOW_2 ok=1
Cmd: compileSnippet
  api=5 type=0 insize=4621 outsize=2075 kw=DUMMY SGT_C SGT_A SGT_B LIGHT_0 SHADOW_2 ok=1
Cmd: compileSnippet
  api=5 type=0 insize=4621 outsize=2180 kw=DUMMY LIGHT_1 ok=1
Cmd: compileSnippet
  api=5 type=0 insize=4621 outsize=2178 kw=DUMMY LIGHT_1 SGT_C ok=1
Cmd: compileSnippet
  api=5 type=0 insize=4621 outsize=2913 kw=DUMMY LIGHT_1 SGT_E SGT_D SGT_C ok=1
Cmd: compileSnippet
  api=9 type=0 insize=4621 outsize=2998 kw=DUMMY LIGHT_1 SGT_E SGT_D SGT_B ok=1
Cmd: compileSnippet
  api=9 type=0 insize=4621 outsize=2381 kw=DUMMY LIGHT_1 SGT_A ok=1
Cmd: compileSnippet
  api=9 type=0 insize=4621 outsize=3111 kw=DUMMY LIGHT_1 SGT_E SGT_D SGT_A ok=1
Cmd: compileSnippet
  api=5 type=0 insize=4621 outsize=2464 kw=DUMMY LIGHT_1 SGT_E SGT_A SGT_B ok=1
Cmd: compileSnippet
  api=5 type=0 insize=4621 outsize=2462 kw=DUMMY LIGHT_1 SGT_E SGT_C SGT_A SGT_B ok=1
Cmd: compileSnippet
  api=9 type=0 insize=4621 outsize=2866 kw=DUMMY LIGHT_1 SHADOW_1 ok=1
Cmd: compileSnippet
  api=9 type=0 insize=4621 outsize=2864 kw=DUMMY LIGHT_1 SGT_C SHADOW_1 ok=1
Cmd: compileSnippet
  api=9 type=0 insize=4621 outsize=2956 kw=DUMMY LIGHT_1 SGT_B SHADOW_1 ok=1
Cmd: compileSnippet
  api=9 type=0 insize=4621 outsize=3693 kw=DUMMY LIGHT_1 SGT_E SGT_D SGT_B SHADOW_1 ok=1
Cmd: compileSnippet
  api=5 type=0 insize=4621 outsize=3709 kw=DUMMY LIGHT_1 SGT_E SGT_D SGT_C SGT_B SHADOW_1 ok=1
Cmd: compileSnippet
  api=9 type=0 insize=4621 outsize=3061 kw=DUMMY LIGHT_1 SGT_E SGT_C SGT_A SHADOW_1 ok=1
Cmd: compileSnippet
  api=9 type=0 insize=4621 outsize=3153 kw=DUMMY LIGHT_1 SGT_A SGT_B SHADOW_1 ok=1
Cmd: compileSnippet
  api=5 type=0 insize=4621 outsize=3160 kw=DUMMY LIGHT_1 SGT_C SGT_A SGT_B SHADOW_1 ok=1
Cmd: compileSnippet
  api=9 type=0 insize=4621 outsize=3705 kw=DUMMY LIGHT_1 SGT_D SGT_C SGT_A SGT_B SHADOW_1 ok=1
Cmd: compileSnippet
  api=5 type=0 insize=4621 outsize=4180 kw=DUMMY LIGHT_1 SGT_E SGT_D SHADOW_2 ok=1
Cmd: compileSnippet
  api=5 type=0 insize=4621 outsize=3524 kw=DUMMY LIGHT_1 SGT_E SGT_B SHADOW_2 ok=1
Cmd: compileSnippet
  api=9 type=0 insize=4621 outsize=3511 kw=DUMMY LIGHT_1 SGT_C SGT_B SHADOW_2 ok=1
Cmd: compileSnippet
  api=5 type=0 insize=4621 outsize=4268 kw=DUMMY LIGHT_1 SGT_E SGT_D SGT_C SGT_B SHADOW_2 ok=1
Cmd: compileSnippet
  api=5 type=0 insize=4621 outsize=4194 kw=DUMMY LIGHT_1 SGT_D SGT_A SHADOW_2 ok=1
Cmd: compileSnippet
  api=9 type=0 insize=4621 outsize=4172 kw=DUMMY LIGHT_1 SGT_D SGT_C SGT_A SHADOW_2 ok=1
Cmd: compileSnippet
  api=5 type=0 insize=4621 outsize=4284 kw=DUMMY LIGHT_1 SGT_D SGT_A SGT_B SHADOW_2 ok=1
Cmd: compileSnippet
  api=9 type=0 insize=4621 outsize=4262 kw=DUMMY LIGHT_1 SGT_D SGT_C SGT_A SGT_B SHADOW_2 ok=1
Cmd: compileSnippet
  api=9 type=0 insize=4621 outsize=2729 kw=DUMMY LIGHT_2 SGT_D ok=1
Cmd: compileSnippet
  api=9 type=0 insize=4621 outsize=2727 kw=DUMMY LIGHT_2 SGT_D SGT_C ok=1
Cmd: compileSnippet
  api=5 type=0 insize=4621 outsize=2821 kw=DUMMY LIGHT_2 SGT_D SGT_B ok=1
Cmd: compileSnippet
  api=5 type=0 insize=4621 outsize=2736 kw=DUMMY LIGHT_2 SGT_E SGT_C SGT_B ok=1
Cmd: compileSnippet
  api=5 type=0 insize=4621 outsize=2852 kw=DUMMY LIGHT_2 SGT_A ok=1
Cmd: compileSnippet
  api=9 type=0 insize=4621 outsize=3111 kw=DUMMY LIGHT_2 SGT_E SGT_D SGT_A ok=1
Cmd: compileSnippet
  api=5 type=0 insize=4621 outsize=3116 kw=DUMMY LIGHT_2 SGT_E SGT_D SGT_C SGT_A ok=1
Cmd: compileSnippet
  api=5 type=0 insize=4621 outsize=3208 kw=DUMMY LIGHT_2 SGT_E SGT_D SGT_A SGT_B ok=1
Cmd: compileSnippet
  api=5 type=0 insize=4621 outsize=3206 kw=DUMMY LIGHT_2 SGT_E SGT_D SGT_C SGT_A SGT_B ok=1
Cmd: compileSnippet
  api=9 type=0 insize=4621 outsize=3603 kw=DUMMY LIGHT_2 SGT_E SGT_D SHADOW_1 ok=1
Cmd: compileSnippet
  api=9 type=0 insize=4621 outsize=3407 kw=DUMMY LIGHT_2 SGT_C SHADOW_1 ok=1
Cmd: compileSnippet
  api=9 type=0 insize=4621 outsize=3499 kw=DUMMY LIGHT_2 SGT_B SHADOW_1 ok=1
Cmd: compileSnippet
  api=5 type=0 insize=4621 outsize=3517 kw=DUMMY LIGHT_2 SGT_E SGT_C SGT_B SHADOW_1 ok=1
Cmd: compileSnippet
  api=5 type=0 insize=4621 outsize=3709 kw=DUMMY LIGHT_2 SGT_E SGT_D SGT_C SGT_B SHADOW_1 ok=1
Cmd: compileSnippet
  api=5 type=0 insize=4621 outsize=3624 kw=DUMMY LIGHT_2 SGT_C SGT_A SHADOW_1 ok=1
Cmd: compileSnippet
  api=5 type=0 insize=4621 outsize=3820 kw=DUMMY LIGHT_2 SGT_E SGT_D SGT_C SGT_A SHADOW_1 ok=1
Cmd: compileSnippet
  api=9 type=0 insize=4621 outsize=3894 kw=DUMMY LIGHT_2 SGT_E SGT_D SGT_A SGT_B SHADOW_1 ok=1
Cmd: compileSnippet
  api=5 type=0 insize=4621 outsize=3910 kw=LIGHT_2 SGT_E SGT_D SGT_C SGT_A SGT_B SHADOW_1 ok=1
Cmd: compileSnippet
  api=5 type=0 insize=4621 outsize=4180 kw=DUMMY LIGHT_2 SGT_E SGT_D SHADOW_2 ok=1
Cmd: compileSnippet
  api=9 type=0 insize=4621 outsize=4158 kw=DUMMY LIGHT_2 SGT_E SGT_D SGT_C SHADOW_2 ok=1
Cmd: compileSnippet
  api=9 type=0 insize=4621 outsize=4250 kw=DUMMY LIGHT_2 SGT_E SGT_D SGT_B SHADOW_2 ok=1
Cmd: compileSnippet
  api=5 type=0 insize=4621 outsize=4185 kw=DUMMY LIGHT_2 SGT_A SHADOW_2 ok=1
Cmd: compileSnippet
  api=9 type=0 insize=4621 outsize=4361 kw=DUMMY LIGHT_2 SGT_E SGT_D SGT_A SHADOW_2 ok=1
Cmd: compileSnippet
  api=9 type=0 insize=4621 outsize=4172 kw=DUMMY LIGHT_2 SGT_D SGT_C SGT_A SHADOW_2 ok=1
Cmd: compileSnippet
  api=5 type=0 insize=4621 outsize=4284 kw=DUMMY LIGHT_2 SGT_D SGT_A SGT_B SHADOW_2 ok=1
Cmd: compileSnippet
  api=5 type=0 insize=4621 outsize=4282 kw=DUMMY LIGHT_2 SGT_D SGT_C SGT_A SGT_B SHADOW_2 ok=1
Cmd: compileSnippet
  api=5 type=1 insize=4621 outsize=6 kw=DUMMY SGT_E ok=1
Cmd: compileSnippet
  api=5 type=1 insize=4621 outsize=6 kw=DUMMY SGT_C ok=1
Cmd: compileSnippet
  api=9 type=1 insize=4621 outsize=7 kw=DUMMY SGT_E SGT_B ok=1
Cmd: compileSnippet
  api=5 type=1 insize=4621 outsize=6 kw=DUMMY SGT_E SGT_C SGT_B ok=1
Cmd: compileSnippet
  api=5 type=1 insize=4621 outsize=6 kw=DUMMY SGT_A ok=1
Cmd: compileSnippet
  api=5 type=1 insize=4621 outsize=6 kw=DUMMY SGT_C SGT_A ok=1
Cmd: compileSnippet
  api=5 type=1 insize=4621 outsize=6 kw=DUMMY SGT_A SGT_B ok=1
Cmd: compileSnippet
  api=5 type=1 insize=4621 outsize=6 kw=DUMMY SGT_C SGT_A SGT_B ok=1
Cmd: compileSnippet
  api=5 type=1 insize=4621 outsize=6 kw=DUMMY SHADOW_1 ok=1
Cmd: compileSnippet
  api=5 type=1 insize=4621 outsize=6 kw=DUMMY SGT_C SHADOW_1 ok=1
Cmd: compileSnippet
  api=5 type=1 insize=4621 outsize=6 kw=DUMMY SGT_B SHADOW_1 ok=1
Cmd: compileSnippet
  api=5 type=1 insize=4621 outsize=6 kw=DUMMY SGT_C SGT_B SHADOW_1 ok=1
Cmd: compileSnippet
  api=5 type=1 insize=4621 outsize=6 kw=DUMMY SGT_A SHADOW_1 ok=1
Cmd: compileSnippet
  api=5 type=1 insize=4621 outsize=6 kw=DUMMY SGT_C SGT_A SHADOW_1 ok=1
Cmd: compileSnippet
  api=5 type=1 insize=4621 outsize=6 kw=DUMMY SGT_A SGT_B SHADOW_1 ok=1
Cmd: compileSnippet
  api=9 type=1 insize=4621 outsize=7 kw=DUMMY SGT_E SGT_D SGT_A SGT_B SHADOW_1 ok=1
Cmd: compileSnippet
  api=5 type=1 insize=4621 outsize=6 kw=DUMMY SGT_D SGT_C SGT_A SGT_B SHADOW_1 ok=1
Cmd: compileSnippet
  api=9 type=1 insize=4621 outsize=7 kw=DUMMY SGT_E SHADOW_2 ok=1
Cmd: compileSnippet
  api=9 type=1 insize=4621 outsize=7 kw=DUMMY SGT_E SGT_C SHADOW_2 ok=1
Cmd: compileSnippet
  api=5 type=1 insize=4621 outsize=6 kw=DUMMY SGT_E SGT_B SHADOW_2 ok=1
Cmd: compileSnippet
  api=9 type=1 insize=4621 outsize=7 kw=DUMMY SGT_C SGT_B SHADOW_2 ok=1
Cmd: compileSnippet
  api=9 type=1 insize=4621 outsize=7 kw=DUMMY SGT_A SHADOW_2 ok=1
Cmd: compileSnippet
  api=9 type=1 insize=4621 outsize=7 kw=DUMMY SGT_C SGT_A SHADOW_2 ok=1
Cmd: compileSnippet
  api=9 type=1 insize=4621 outsize=7 kw=DUMMY SGT_A SGT_B SHADOW_2 ok=1
Cmd: compileSnippet
  api=9 type=1 insize=4621 outsize=7 kw=DUMMY SGT_C SGT_A SGT_B SHADOW_2 ok=1
Cmd: compileSnippet
  api=9 type=1 insize=4621 outsize=7 kw=DUMMY LIGHT_0 ok=1
Cmd: compileSnippet
  api=5 type=1 insize=4621 outsize=6 kw=DUMMY SGT_E SGT_C LIGHT_0 ok=1
Cmd: compileSnippet
  api=9 type=1 insize=4621 outsize=7 kw=DUMMY SGT_B LIGHT_0 ok=1
Cmd: compileSnippet
  api=9 type=1 insize=4621 outsize=7 kw=DUMMY SGT_C SGT_B LIGHT_0 ok=1
Cmd: compileSnippet
  api=9 type=1 insize=4621 outsize=7 kw=DUMMY SGT_A LIGHT_0 ok=1
Cmd: compileSnippet
  api=9 type=1 insize=4621 outsize=7 kw=DUMMY SGT_C SGT_A LIGHT_0 ok=1
Cmd: compileSnippet
  api=9 type=1 insize=4621 outsize=7 kw=DUMMY SGT_A SGT_B LIGHT_0 ok=1
Cmd: compileSnippet
  api=9 type=1 insize=4621 outsize=7 kw=DUMMY SGT_C SGT_A SGT_B LIGHT_0 ok=1
Cmd: compileSnippet
  api=9 type=1 insize=4621 outsize=7 kw=DUMMY LIGHT_0 SHADOW_1 ok=1
Cmd: compileSnippet
  api=9 type=1 insize=4621 outsize=7 kw=DUMMY SGT_C LIGHT_0 SHADOW_1 ok=1
Cmd: compileSnippet
  api=9 type=1 insize=4621 outsize=7 kw=DUMMY SGT_B LIGHT_0 SHADOW_1 ok=1
Cmd: compileSnippet
  api=5 type=1 insize=4621 outsize=6 kw=DUMMY SGT_E SGT_C SGT_B LIGHT_0 SHADOW_1 ok=1
Cmd: compileSnippet
  api=9 type=1 insize=4621 outsize=7 kw=DUMMY SGT_E SGT_A LIGHT_0 SHADOW_1 ok=1
Cmd: compileSnippet
  api=5 type=1 insize=4621 outsize=6 kw=DUMMY SGT_E SGT_C SGT_A LIGHT_0 SHADOW_1 ok=1
Cmd: compileSnippet
  api=5 type=1 insize=4621 outsize=6 kw=DUMMY SGT_C SGT_A SGT_B LIGHT_0 SHADOW_1 ok=1
Cmd: compileSnippet
  api=5 type=1 insize=4621 outsize=6 kw=DUMMY SGT_E SGT_C SGT_A SGT_B LIGHT_0 SHADOW_1 ok=1
Cmd: compileSnippet
  api=5 type=1 insize=4621 outsize=6 kw=DUMMY SGT_E SGT_D LIGHT_0 SHADOW_2 ok=1
Cmd: compileSnippet
  api=5 type=1 insize=4621 outsize=6 kw=DUMMY SGT_E SGT_C LIGHT_0 SHADOW_2 ok=1
Cmd: compileSnippet
  api=9 type=1 insize=4621 outsize=7 kw=DUMMY SGT_E SGT_D SGT_B LIGHT_0 SHADOW_2 ok=1
Cmd: compileSnippet
  api=5 type=1 insize=4621 outsize=6 kw=DUMMY SGT_E SGT_D SGT_C SGT_B LIGHT_0 SHADOW_2 ok=1
Cmd: compileSnippet
  api=9 type=1 insize=4621 outsize=7 kw=DUMMY SGT_E SGT_A LIGHT_0 SHADOW_2 ok=1
Cmd: compileSnippet
  api=5 type=1 insize=4621 outsize=6 kw=DUMMY SGT_E SGT_C SGT_A LIGHT_0 SHADOW_2 ok=1
Cmd: compileSnippet
  api=9 type=1 insize=4621 outsize=7 kw=DUMMY SGT_E SGT_D SGT_A SGT_B LIGHT_0 SHADOW_2 ok=1
Cmd: compileSnippet
  api=5 type=1 insize=4621 outsize=6 kw=SGT_E SGT_D SGT_C SGT_A SGT_B LIGHT_0 SHADOW_2 ok=1
Cmd: compileSnippet
  api=9 type=1 insize=4621 outsize=7 kw=DUMMY LIGHT_1 SGT_E ok=1
Cmd: compileSnippet
  api=5 type=1 insize=4621 outsize=6 kw=DUMMY LIGHT_1 SGT_E SGT_C ok=1
Cmd: compileSnippet
  api=5 type=1 insize=4621 outsize=6 kw=DUMMY LIGHT_1 SGT_D SGT_B ok=1
Cmd: compileSnippet
  api=5 type=1 insize=4621 outsize=6 kw=DUMMY LIGHT_1 SGT_E SGT_C SGT_B ok=1
Cmd: compileSnippet
  api=5 type=1 insize=4621 outsize=6 kw=DUMMY LIGHT_1 SGT_E SGT_D SGT_A ok=1
Cmd: compileSnippet
  api=9 type=1 insize=4621 outsize=7 kw=DUMMY LIGHT_1 SGT_D SGT_C SGT_A ok=1
Cmd: compileSnippet
  api=5 type=1 insize=4621 outsize=6 kw=DUMMY LIGHT_1 SGT_D SGT_A SGT_B ok=1
Cmd: compileSnippet
  api=5 type=1 insize=4621 outsize=6 kw=DUMMY LIGHT_1 SGT_D SGT_C SGT_A SGT_B ok=1
Cmd: compileSnippet
  api=5 type=1 insize=4621 outsize=6 kw=DUMMY LIGHT_1 SGT_E SHADOW_1 ok=1
Cmd: compileSnippet
  api=5 type=1 insize=4621 outsize=6 kw=DUMMY LIGHT_1 SGT_D SGT_C SHADOW_1 ok=1
Cmd: compileSnippet
  api=9 type=1 insize=4621 outsize=7 kw=DUMMY LIGHT_1 SGT_E SGT_B SHADOW_1 ok=1
Cmd: compileSnippet
  api=9 type=1 insize=4621 outsize=7 kw=DUMMY LIGHT_1 SGT_C SGT_B SHADOW_1 ok=1
Cmd: compileSnippet
  api=9 type=1 insize=4621 outsize=7 kw=DUMMY LIGHT_1 SGT_A SHADOW_1 ok=1
Cmd: compileSnippet
  api=5 type=1 insize=4621 outsize=6 kw=DUMMY LIGHT_1 SGT_E SGT_C SGT_A SHADOW_1 ok=1
Cmd: compileSnippet
  api=9 type=1 insize=4621 outsize=7 kw=DUMMY LIGHT_1 SGT_A SGT_B SHADOW_1 ok=1
Cmd: compileSnippet
  api=5 type=1 insize=4621 outsize=6 kw=DUMMY LIGHT_1 SGT_E SGT_C SGT_A SGT_B SHADOW_1 ok=1
Cmd: compileSnippet
  api=9 type=1 insize=4621 outsize=7 kw=DUMMY LIGHT_1 SGT_E SHADOW_2 ok=1
Cmd: compileSnippet
  api=5 type=1 insize=4621 outsize=6 kw=DUMMY LIGHT_1 SGT_E SGT_C SHADOW_2 ok=1
Cmd: compileSnippet
  api=5 type=1 insize=4621 outsize=6 kw=DUMMY LIGHT_1 SGT_E SGT_B SHADOW_2 ok=1
Cmd: compileSnippet
  api=9 type=1 insize=4621 outsize=7 kw=DUMMY LIGHT_1 SGT_E SGT_D SGT_C SGT_B SHADOW_2 ok=1
Cmd: compileSnippet
  api=9 type=1 insize=4621 outsize=7 kw=DUMMY LIGHT_1 SGT_D SGT_A SHADOW_2 ok=1
Cmd: compileSnippet
  api=5 type=1 insize=4621 outsize=6 kw=DUMMY LIGHT_1 SGT_E SGT_C SGT_A SHADOW_2 ok=1
Cmd: compileSnippet
  api=5 type=1 insize=4621 outsize=6 kw=DUMMY LIGHT_1 SGT_C SGT_A SGT_B SHADOW_2 ok=1
Cmd: compileSnippet
  api=9 type=1 insize=4621 outsize=7 kw=DUMMY LIGHT_1 SGT_C SGT_A SGT_B SHADOW_2 ok=1
Cmd: compileSnippet
  api=9 type=1 insize=4621 outsize=7 kw=DUMMY LIGHT_2 ok=1
Cmd: compileSnippet
  api=9 type=1 insize=4621 outsize=7 kw=DUMMY LIGHT_2 SGT_C ok=1
Cmd: compileSnippet
  api=9 type=1 insize=4621 outsize=7 kw=DUMMY LIGHT_2 SGT_B ok=1
Cmd: compileSnippet
  api=9 type=1 insize=4621 outsize=7 kw=DUMMY LIGHT_2 SGT_C SGT_B ok=1
Cmd: compileSnippet
  api=9 type=1 insize=4621 outsize=7 kw=DUMMY LIGHT_2 SGT_A ok=1
Cmd: compileSnippet
  api=9 type=1 insize=4621 outsize=7 kw=DUMMY LIGHT_2 SGT_C SGT_A ok=1
Cmd: compileSnippet
  api=9 type=1 insize=4621 outsize=7 kw=DUMMY LIGHT_2 SGT_A SGT_B ok=1
Cmd: compileSnippet
  api=9 type=1 insize=4621 outsize=7 kw=DUMMY LIGHT_2 SGT_C SGT_A SGT_B ok=1
Cmd: compileSnippet
  api=9 type=1 insize=4621 outsize=7 kw=DUMMY LIGHT_2 SHADOW_1 ok=1
Cmd: compileSnippet
  api=9 type=1 insize=4621 outsize=7 kw=DUMMY LIGHT_2 SGT_C SHADOW_1 ok=1
Cmd: compileSnippet
  api=9 type=1 insize=4621 outsize=7 kw=DUMMY LIGHT_2 SGT_B SHADOW_1 ok=1
Cmd: compileSnippet
  api=9 type=1 insize=4621 outsize=7 kw=DUMMY LIGHT_2 SGT_C SGT_B SHADOW_1 ok=1
Cmd: compileSnippet
  api=9 type=1 insize=4621 outsize=7 kw=DUMMY LIGHT_2 SGT_A SHADOW_1 ok=1
Cmd: compileSnippet
  api=9 type=1 insize=4621 outsize=7 kw=DUMMY LIGHT_2 SGT_C SGT_A SHADOW_1 ok=1
Cmd: compileSnippet
  api=9 type=1 insize=4621 outsize=7 kw=DUMMY LIGHT_2 SGT_A SGT_B SHADOW_1 ok=1
Cmd: compileSnippet
  api=9 type=1 insize=4621 outsize=7 kw=DUMMY LIGHT_2 SGT_C SGT_A SGT_B SHADOW_1 ok=1
Cmd: compileSnippet
  api=9 type=1 insize=4621 outsize=7 kw=DUMMY LIGHT_2 SHADOW_2 ok=1
Cmd: compileSnippet
  api=9 type=1 insize=4621 outsize=7 kw=DUMMY LIGHT_2 SGT_C SHADOW_2 ok=1
Cmd: compileSnippet
  api=9 type=1 insize=4621 outsize=7 kw=DUMMY LIGHT_2 SGT_B SHADOW_2 ok=1
Cmd: compileSnippet
  api=9 type=1 insize=4621 outsize=7 kw=DUMMY LIGHT_2 SGT_C SGT_B SHADOW_2 ok=1
Cmd: compileSnippet
  api=9 type=1 insize=4621 outsize=7 kw=DUMMY LIGHT_2 SGT_A SHADOW_2 ok=1
Cmd: compileSnippet
  api=9 type=1 insize=4621 outsize=7 kw=DUMMY LIGHT_2 SGT_C SGT_A SHADOW_2 ok=1
Cmd: compileSnippet
  api=9 type=1 insize=4621 outsize=7 kw=DUMMY LIGHT_2 SGT_A SGT_B SHADOW_2 ok=1
Cmd: compileSnippet
  api=9 type=1 insize=4621 outsize=7 kw=DUMMY LIGHT_2 SGT_C SGT_A SGT_B SHADOW_2 ok=1
Cmd: compileSnippet
  api=5 type=0 insize=3732 outsize=2903 kw=DUMMY SHADOW_1 ok=1
Cmd: compileSnippet
  api=5 type=0 insize=3732 outsize=3001 kw=DUMMY LIGHT_1 ok=1
Cmd: compileSnippet
  api=5 type=0 insize=3732 outsize=4013 kw=LIGHT_2 SHADOW_1 ok=1
Cmd: compileSnippet
  api=5 type=1 insize=3732 outsize=6 kw=DUMMY SHADOW_2 ok=1
Cmd: compileSnippet
  api=5 type=1 insize=3732 outsize=6 kw=LIGHT_0 SHADOW_2 ok=1
Cmd: compileSnippet
  api=5 type=1 insize=3732 outsize=6 kw=DUMMY LIGHT_2 ok=1
Unhandled exception: Readfile from pipe failed. GLE=Le canal de communication a t ferm.


Quitting shader compiler process
