Base path: C:/Program Files (x86)/Unity/Editor/Data
Pipe name: \\.\pipe\UnityShaderCompiler-7-6060
Cmd: getPlatforms
Cmd: compileSnippet
  api=5 type=0 insize=4492 outsize=1284 kw=DUMMY SGT_D SGT_C ok=1
Cmd: compileSnippet
  api=9 type=0 insize=4492 outsize=1395 kw=DUMMY SGT_B ok=1
Cmd: compileSnippet
  api=9 type=0 insize=4492 outsize=1607 kw=DUMMY SGT_D SGT_A ok=1
Cmd: compileSnippet
  api=9 type=0 insize=4492 outsize=1607 kw=DUMMY SGT_D SGT_C SGT_A ok=1
Cmd: compileSnippet
  api=9 type=0 insize=4492 outsize=2066 kw=DUMMY SHADOW_1 ok=1
Cmd: compileSnippet
  api=9 type=0 insize=4492 outsize=2225 kw=DUMMY SGT_B SHADOW_1 ok=1
Cmd: compileSnippet
  api=9 type=0 insize=4492 outsize=2225 kw=DUMMY SGT_D SGT_C SGT_B SHADOW_1 ok=1
Cmd: compileSnippet
  api=5 type=0 insize=4492 outsize=2348 kw=DUMMY SGT_C SGT_A SHADOW_1 ok=1
Cmd: compileSnippet
  api=9 type=0 insize=4492 outsize=2522 kw=DUMMY SGT_D SGT_A SGT_B SHADOW_1 ok=1
Cmd: compileSnippet
  api=9 type=0 insize=4492 outsize=2619 kw=DUMMY SGT_D SHADOW_2 ok=1
Cmd: compileSnippet
  api=9 type=0 insize=4492 outsize=2782 kw=DUMMY SGT_B SHADOW_2 ok=1
Cmd: compileSnippet
  api=9 type=0 insize=4492 outsize=2916 kw=DUMMY SGT_A SHADOW_2 ok=1
Cmd: compileSnippet
  api=5 type=0 insize=4492 outsize=3066 kw=DUMMY SGT_D SGT_A SGT_B SHADOW_2 ok=1
Cmd: compileSnippet
  api=9 type=0 insize=4492 outsize=1376 kw=DUMMY LIGHT_0 ok=1
Cmd: compileSnippet
  api=9 type=0 insize=4492 outsize=1376 kw=DUMMY SGT_D SGT_C LIGHT_0 ok=1
Cmd: compileSnippet
  api=5 type=0 insize=4492 outsize=1435 kw=DUMMY SGT_D SGT_C SGT_B LIGHT_0 ok=1
Cmd: compileSnippet
  api=5 type=0 insize=4492 outsize=1732 kw=DUMMY SGT_D SGT_A SGT_B LIGHT_0 ok=1
Cmd: compileSnippet
  api=9 type=0 insize=4492 outsize=1758 kw=DUMMY SGT_D SGT_C SGT_A SGT_B LIGHT_0 ok=1
Cmd: compileSnippet
  api=5 type=0 insize=4492 outsize=1543 kw=DUMMY SGT_B LIGHT_0 SHADOW_1 ok=1
Cmd: compileSnippet
  api=9 type=0 insize=4492 outsize=1777 kw=DUMMY SGT_A LIGHT_0 SHADOW_1 ok=1
Cmd: compileSnippet
  api=9 type=0 insize=4492 outsize=1862 kw=DUMMY SGT_D SGT_A SGT_B LIGHT_0 SHADOW_1 ok=1
Cmd: compileSnippet
  api=9 type=0 insize=4492 outsize=1480 kw=DUMMY SGT_D SGT_C LIGHT_0 SHADOW_2 ok=1
Cmd: compileSnippet
  api=5 type=0 insize=4492 outsize=1755 kw=DUMMY SGT_C SGT_A LIGHT_0 SHADOW_2 ok=1
Cmd: compileSnippet
  api=9 type=0 insize=4492 outsize=1862 kw=DUMMY SGT_A SGT_B LIGHT_0 SHADOW_2 ok=1
Cmd: compileSnippet
  api=9 type=0 insize=4492 outsize=1912 kw=DUMMY LIGHT_1 ok=1
Cmd: compileSnippet
  api=9 type=0 insize=4492 outsize=1997 kw=DUMMY LIGHT_1 SGT_D SGT_B ok=1
Cmd: compileSnippet
  api=5 type=0 insize=4492 outsize=2146 kw=DUMMY LIGHT_1 SGT_D SGT_A ok=1
Cmd: compileSnippet
  api=5 type=0 insize=4492 outsize=2231 kw=DUMMY LIGHT_1 SGT_D SGT_A SGT_B ok=1
Cmd: compileSnippet
  api=9 type=0 insize=4492 outsize=2957 kw=DUMMY LIGHT_1 SGT_D SHADOW_1 ok=1
Cmd: compileSnippet
  api=5 type=0 insize=4492 outsize=3045 kw=DUMMY LIGHT_1 SGT_D SGT_B SHADOW_1 ok=1
Cmd: compileSnippet
  api=9 type=0 insize=4492 outsize=3206 kw=DUMMY LIGHT_1 SGT_A SHADOW_1 ok=1
Cmd: compileSnippet
  api=5 type=0 insize=4492 outsize=3900 kw=DUMMY LIGHT_1 SGT_C SGT_A SHADOW_1 ok=1
Cmd: compileSnippet
  api=9 type=0 insize=4492 outsize=3296 kw=DUMMY LIGHT_1 SGT_D SGT_A SGT_B SHADOW_1 ok=1
Cmd: compileSnippet
  api=5 type=0 insize=4492 outsize=3887 kw=DUMMY LIGHT_1 SGT_D SHADOW_2 ok=1
Cmd: compileSnippet
  api=9 type=0 insize=4492 outsize=3975 kw=DUMMY LIGHT_1 SGT_D SGT_B SHADOW_2 ok=1
Cmd: compileSnippet
  api=9 type=0 insize=4492 outsize=4134 kw=DUMMY LIGHT_1 SGT_D SGT_A SHADOW_2 ok=1
Cmd: compileSnippet
  api=5 type=0 insize=4492 outsize=4226 kw=DUMMY LIGHT_1 SGT_A SGT_B SHADOW_2 ok=1
Cmd: compileSnippet
  api=5 type=0 insize=4492 outsize=2370 kw=DUMMY LIGHT_2 ok=1
Cmd: compileSnippet
  api=5 type=0 insize=4492 outsize=2543 kw=DUMMY LIGHT_2 SGT_C ok=1
Cmd: compileSnippet
  api=9 type=0 insize=4492 outsize=2634 kw=DUMMY LIGHT_2 SGT_C SGT_B ok=1
Cmd: compileSnippet
  api=9 type=0 insize=4492 outsize=2918 kw=DUMMY LIGHT_2 SGT_D SGT_C SGT_A ok=1
Cmd: compileSnippet
  api=9 type=0 insize=4492 outsize=3501 kw=DUMMY LIGHT_2 SGT_D SHADOW_1 ok=1
Cmd: compileSnippet
  api=9 type=0 insize=4492 outsize=3591 kw=DUMMY LIGHT_2 SGT_D SGT_B SHADOW_1 ok=1
Cmd: compileSnippet
  api=5 type=0 insize=4492 outsize=3763 kw=DUMMY LIGHT_2 SGT_A SHADOW_1 ok=1
Cmd: compileSnippet
  api=5 type=0 insize=4492 outsize=3990 kw=DUMMY LIGHT_2 SGT_C SGT_A SGT_B SHADOW_1 ok=1
Cmd: compileSnippet
  api=9 type=0 insize=4492 outsize=4818 kw=DUMMY LIGHT_2 SGT_D SGT_C SHADOW_2 ok=1
Cmd: compileSnippet
  api=5 type=0 insize=4492 outsize=4695 kw=DUMMY LIGHT_2 SGT_A SHADOW_2 ok=1
Cmd: compileSnippet
  api=5 type=0 insize=4492 outsize=5003 kw=DUMMY LIGHT_2 SGT_C SGT_A SGT_B SHADOW_2 ok=1
Cmd: compileSnippet
  api=9 type=1 insize=4492 outsize=7 kw=DUMMY SGT_D ok=1
Cmd: compileSnippet
  api=9 type=1 insize=4492 outsize=7 kw=DUMMY SGT_D SGT_C SGT_B ok=1
Cmd: compileSnippet
  api=5 type=1 insize=4492 outsize=6 kw=DUMMY SGT_D SGT_A ok=1
Cmd: compileSnippet
  api=9 type=1 insize=4492 outsize=7 kw=DUMMY SGT_C SGT_A SGT_B ok=1
Cmd: compileSnippet
  api=9 type=1 insize=4492 outsize=7 kw=DUMMY SGT_C SHADOW_1 ok=1
Cmd: compileSnippet
  api=9 type=1 insize=4492 outsize=7 kw=DUMMY SGT_D SGT_B SHADOW_1 ok=1
Cmd: compileSnippet
  api=5 type=1 insize=4492 outsize=6 kw=DUMMY SGT_C SGT_A SHADOW_1 ok=1
Cmd: compileSnippet
  api=9 type=1 insize=4492 outsize=7 kw=DUMMY SGT_D SGT_C SGT_A SGT_B SHADOW_1 ok=1
Cmd: compileSnippet
  api=9 type=1 insize=4492 outsize=7 kw=DUMMY SGT_D SGT_C SHADOW_2 ok=1
Cmd: compileSnippet
  api=9 type=1 insize=4492 outsize=7 kw=DUMMY SGT_D SGT_B SHADOW_2 ok=1
Cmd: compileSnippet
  api=9 type=1 insize=4492 outsize=7 kw=DUMMY SGT_D SGT_A SHADOW_2 ok=1
Cmd: compileSnippet
  api=9 type=1 insize=4492 outsize=7 kw=DUMMY SGT_A SGT_B SHADOW_2 ok=1
Cmd: compileSnippet
  api=9 type=1 insize=4492 outsize=7 kw=DUMMY SGT_D SGT_C LIGHT_0 ok=1
Cmd: compileSnippet
  api=9 type=1 insize=4492 outsize=7 kw=DUMMY SGT_D SGT_C SGT_B LIGHT_0 ok=1
Cmd: compileSnippet
  api=5 type=1 insize=4492 outsize=6 kw=DUMMY SGT_C SGT_A LIGHT_0 ok=1
Cmd: compileSnippet
  api=9 type=1 insize=4492 outsize=7 kw=DUMMY SGT_C SGT_A SGT_B LIGHT_0 ok=1
Cmd: compileSnippet
  api=9 type=1 insize=4492 outsize=7 kw=DUMMY SGT_C LIGHT_0 SHADOW_1 ok=1
Cmd: compileSnippet
  api=9 type=1 insize=4492 outsize=7 kw=DUMMY SGT_C SGT_B LIGHT_0 SHADOW_1 ok=1
Cmd: compileSnippet
  api=9 type=1 insize=4492 outsize=7 kw=DUMMY SGT_D SGT_C SGT_A LIGHT_0 SHADOW_1 ok=1
Cmd: compileSnippet
  api=5 type=1 insize=4492 outsize=6 kw=DUMMY SGT_A SGT_B LIGHT_0 SHADOW_1 ok=1
Cmd: compileSnippet
  api=5 type=1 insize=4492 outsize=6 kw=DUMMY LIGHT_0 SHADOW_2 ok=1
Cmd: compileSnippet
  api=9 type=1 insize=4492 outsize=7 kw=DUMMY SGT_B LIGHT_0 SHADOW_2 ok=1
Cmd: compileSnippet
  api=5 type=1 insize=4492 outsize=6 kw=DUMMY SGT_D SGT_C SGT_A LIGHT_0 SHADOW_2 ok=1
Cmd: compileSnippet
  api=9 type=1 insize=4492 outsize=7 kw=SGT_D SGT_C SGT_A SGT_B LIGHT_0 SHADOW_2 ok=1
Cmd: compileSnippet
  api=5 type=1 insize=4492 outsize=6 kw=DUMMY LIGHT_1 SGT_C ok=1
Cmd: compileSnippet
  api=5 type=1 insize=4492 outsize=6 kw=DUMMY LIGHT_1 SGT_D SGT_C SGT_B ok=1
Cmd: compileSnippet
  api=9 type=1 insize=4492 outsize=7 kw=DUMMY LIGHT_1 SGT_D SGT_C SGT_A ok=1
Cmd: compileSnippet
  api=9 type=1 insize=4492 outsize=7 kw=DUMMY LIGHT_1 SGT_A SGT_B ok=1
Cmd: compileSnippet
  api=9 type=1 insize=4492 outsize=7 kw=DUMMY LIGHT_1 SGT_D SGT_C SHADOW_1 ok=1
Cmd: compileSnippet
  api=5 type=1 insize=4492 outsize=6 kw=DUMMY LIGHT_1 SGT_B SHADOW_1 ok=1
Cmd: compileSnippet
  api=9 type=1 insize=4492 outsize=7 kw=DUMMY LIGHT_1 SGT_D SGT_A SHADOW_1 ok=1
Cmd: compileSnippet
  api=9 type=1 insize=4492 outsize=7 kw=DUMMY LIGHT_1 SGT_C SGT_A SGT_B SHADOW_1 ok=1
Cmd: compileSnippet
  api=5 type=1 insize=4492 outsize=6 kw=DUMMY LIGHT_1 SGT_C SHADOW_2 ok=1
Cmd: compileSnippet
  api=9 type=1 insize=4492 outsize=7 kw=DUMMY LIGHT_1 SGT_C SGT_B SHADOW_2 ok=1
Cmd: compileSnippet
  api=5 type=1 insize=4492 outsize=6 kw=DUMMY LIGHT_1 SGT_D SGT_C SGT_A SHADOW_2 ok=1
Cmd: compileSnippet
  api=9 type=1 insize=4492 outsize=7 kw=LIGHT_1 SGT_D SGT_C SGT_A SGT_B SHADOW_2 ok=1
Cmd: compileSnippet
  api=9 type=1 insize=4492 outsize=7 kw=DUMMY LIGHT_2 SGT_D SGT_C ok=1
Cmd: compileSnippet
  api=9 type=1 insize=4492 outsize=7 kw=DUMMY LIGHT_2 SGT_D SGT_C SGT_B ok=1
Cmd: compileSnippet
  api=9 type=1 insize=4492 outsize=7 kw=DUMMY LIGHT_2 SGT_A ok=1
Cmd: compileSnippet
  api=9 type=1 insize=4492 outsize=7 kw=DUMMY LIGHT_2 SGT_D SGT_C SGT_A SGT_B ok=1
Cmd: compileSnippet
  api=9 type=1 insize=4492 outsize=7 kw=DUMMY LIGHT_2 SHADOW_1 ok=1
Cmd: compileSnippet
  api=9 type=1 insize=4492 outsize=7 kw=DUMMY LIGHT_2 SGT_D SGT_C SGT_B SHADOW_1 ok=1
Cmd: compileSnippet
  api=9 type=1 insize=4492 outsize=7 kw=DUMMY LIGHT_2 SGT_D SGT_A SHADOW_1 ok=1
Cmd: compileSnippet
  api=9 type=1 insize=4492 outsize=7 kw=DUMMY LIGHT_2 SGT_D SGT_A SGT_B SHADOW_1 ok=1
Cmd: compileSnippet
  api=5 type=1 insize=4492 outsize=6 kw=DUMMY LIGHT_2 SGT_C SHADOW_2 ok=1
Cmd: compileSnippet
  api=9 type=1 insize=4492 outsize=7 kw=DUMMY LIGHT_2 SGT_D SGT_B SHADOW_2 ok=1
Cmd: compileSnippet
  api=9 type=1 insize=4492 outsize=7 kw=DUMMY LIGHT_2 SGT_D SGT_C SGT_A SHADOW_2 ok=1
Cmd: compileSnippet
  api=9 type=1 insize=4492 outsize=7 kw=DUMMY LIGHT_2 SGT_A SGT_B SHADOW_2 ok=1
Cmd: compileSnippet
  api=5 type=0 insize=2234 outsize=1453 kw=DUMMY SGT_A ok=1
Cmd: compileSnippet
  api=9 type=1 insize=2234 outsize=7 kw=DUMMY SGT_A ok=1
Cmd: compileSnippet
  api=5 type=0 insize=2248 outsize=2157 kw=SGT_A ok=1
Cmd: compileSnippet
  api=5 type=0 insize=1699 outsize=1572 kw=DUMMY SGT_A ok=1
Cmd: compileSnippet
  api=5 type=1 insize=1699 outsize=6 kw=DUMMY SGT_B ok=1
Cmd: compileSnippet
  api=5 type=0 insize=3853 outsize=4565 kw=DUMMY LIGHT_0 ok=1
Cmd: compileSnippet
  api=5 type=0 insize=3853 outsize=3621 kw=DUMMY SGT_E SGT_D ok=1
Cmd: compileSnippet
  api=9 type=0 insize=3853 outsize=5049 kw=DUMMY SGT_C LIGHT_0 ok=1
Cmd: compileSnippet
  api=5 type=0 insize=3853 outsize=6468 kw=DUMMY SGT_E SGT_D SGT_C LIGHT_0 ok=1
Cmd: compileSnippet
  api=5 type=0 insize=3853 outsize=6394 kw=DUMMY SGT_E SGT_B LIGHT_0 ok=1
Cmd: compileSnippet
  api=9 type=0 insize=3853 outsize=6406 kw=DUMMY SGT_E SGT_D SGT_B LIGHT_0 ok=1
Cmd: compileSnippet
  api=9 type=0 insize=3853 outsize=6406 kw=DUMMY SGT_E SGT_C SGT_B LIGHT_0 ok=1
Cmd: compileSnippet
  api=5 type=0 insize=3853 outsize=780 kw=DUMMY SGT_A ok=1
Cmd: compileSnippet
  api=5 type=0 insize=3853 outsize=4648 kw=DUMMY SGT_A LIGHT_0 ok=1
Cmd: compileSnippet
  api=5 type=0 insize=3853 outsize=5618 kw=DUMMY SGT_D SGT_A LIGHT_0 ok=1
Cmd: compileSnippet
  api=5 type=0 insize=3853 outsize=5130 kw=DUMMY SGT_C SGT_A LIGHT_0 ok=1
Cmd: compileSnippet
  api=9 type=0 insize=3853 outsize=6118 kw=DUMMY SGT_D SGT_C SGT_A LIGHT_0 ok=1
Cmd: compileSnippet
  api=9 type=0 insize=3853 outsize=2714 kw=DUMMY SGT_E SGT_A SGT_B ok=1
Cmd: compileSnippet
  api=9 type=0 insize=3853 outsize=3664 kw=DUMMY SGT_E SGT_D SGT_A SGT_B ok=1
Cmd: compileSnippet
  api=5 type=0 insize=3853 outsize=3177 kw=DUMMY SGT_E SGT_C SGT_A SGT_B ok=1
Cmd: compileSnippet
  api=9 type=0 insize=3853 outsize=2240 kw=DUMMY SGT_D SGT_C SGT_A SGT_B ok=1
Cmd: compileSnippet
  api=9 type=1 insize=3853 outsize=7 kw=DUMMY ok=1
Cmd: compileSnippet
  api=5 type=1 insize=3853 outsize=6 kw=DUMMY SGT_E SGT_D ok=1
Cmd: compileSnippet
  api=9 type=1 insize=3853 outsize=7 kw=DUMMY SGT_E SGT_C LIGHT_0 ok=1
Cmd: compileSnippet
  api=9 type=1 insize=3853 outsize=7 kw=DUMMY SGT_E SGT_D SGT_C LIGHT_0 ok=1
Cmd: compileSnippet
  api=9 type=1 insize=3853 outsize=7 kw=DUMMY SGT_E SGT_B LIGHT_0 ok=1
Cmd: compileSnippet
  api=9 type=1 insize=3853 outsize=7 kw=DUMMY SGT_E SGT_D SGT_B LIGHT_0 ok=1
Cmd: compileSnippet
  api=9 type=1 insize=3853 outsize=7 kw=DUMMY SGT_E SGT_C SGT_B LIGHT_0 ok=1
Cmd: compileSnippet
  api=9 type=1 insize=3853 outsize=7 kw=DUMMY SGT_E SGT_D SGT_C SGT_B LIGHT_0 ok=1
Cmd: compileSnippet
  api=9 type=1 insize=3853 outsize=7 kw=DUMMY SGT_E SGT_A LIGHT_0 ok=1
Cmd: compileSnippet
  api=5 type=1 insize=3853 outsize=6 kw=DUMMY SGT_E SGT_D SGT_A ok=1
Cmd: compileSnippet
  api=9 type=1 insize=3853 outsize=7 kw=DUMMY SGT_E SGT_C SGT_A ok=1
Cmd: compileSnippet
  api=9 type=1 insize=3853 outsize=7 kw=DUMMY SGT_E SGT_D SGT_C SGT_A ok=1
Cmd: compileSnippet
  api=5 type=1 insize=3853 outsize=6 kw=DUMMY SGT_E SGT_A SGT_B LIGHT_0 ok=1
Cmd: compileSnippet
  api=5 type=1 insize=3853 outsize=6 kw=DUMMY SGT_E SGT_D SGT_A SGT_B LIGHT_0 ok=1
Cmd: compileSnippet
  api=5 type=1 insize=3853 outsize=6 kw=DUMMY SGT_E SGT_C SGT_A SGT_B LIGHT_0 ok=1
Cmd: compileSnippet
  api=5 type=1 insize=3853 outsize=6 kw=SGT_E SGT_D SGT_C SGT_A SGT_B LIGHT_0 ok=1
Cmd: compileSnippet
  api=5 type=0 insize=4077 outsize=1731 kw=DUMMY LIGHT_1 ok=1
Cmd: compileSnippet
  api=9 type=0 insize=4077 outsize=2511 kw=DUMMY LIGHT_2 SGT_E ok=1
Cmd: compileSnippet
  api=9 type=0 insize=4077 outsize=1895 kw=DUMMY LIGHT_1 SGT_D ok=1
Cmd: compileSnippet
  api=5 type=0 insize=4077 outsize=2073 kw=DUMMY LIGHT_1 SGT_E SGT_D ok=1
Cmd: compileSnippet
  api=9 type=0 insize=4077 outsize=2268 kw=DUMMY LIGHT_2 SGT_C ok=1
Cmd: compileSnippet
  api=5 type=0 insize=4077 outsize=1694 kw=DUMMY LIGHT_1 SGT_D SGT_C ok=1
Cmd: compileSnippet
  api=5 type=0 insize=4077 outsize=2702 kw=DUMMY LIGHT_2 SGT_E SGT_D SGT_C ok=1
Cmd: compileSnippet
  api=5 type=0 insize=4077 outsize=2171 kw=DUMMY LIGHT_1 SGT_A ok=1
Cmd: compileSnippet
  api=5 type=0 insize=4077 outsize=2966 kw=DUMMY LIGHT_2 SGT_E SGT_A ok=1
Cmd: compileSnippet
  api=5 type=0 insize=4077 outsize=2344 kw=DUMMY LIGHT_1 SGT_D SGT_A ok=1
Cmd: compileSnippet
  api=5 type=0 insize=4077 outsize=3139 kw=DUMMY LIGHT_2 SGT_E SGT_D SGT_A ok=1
Cmd: compileSnippet
  api=9 type=0 insize=4077 outsize=2665 kw=DUMMY LIGHT_2 SGT_C SGT_A ok=1
Cmd: compileSnippet
  api=9 type=0 insize=4077 outsize=2076 kw=DUMMY LIGHT_1 SGT_E SGT_C SGT_A ok=1
Cmd: compileSnippet
  api=5 type=0 insize=4077 outsize=2931 kw=DUMMY LIGHT_2 SGT_D SGT_C SGT_A ok=1
Cmd: compileSnippet
  api=9 type=0 insize=4077 outsize=3087 kw=DUMMY LIGHT_2 SGT_E SGT_D SGT_C SGT_A ok=1
Cmd: compileSnippet
  api=5 type=0 insize=4077 outsize=3020 kw=DUMMY LIGHT_2 LIGHT_1 SGT_B ok=1
Cmd: compileSnippet
  api=9 type=0 insize=4077 outsize=2948 kw=DUMMY LIGHT_2 SGT_D SGT_B ok=1
Cmd: compileSnippet
  api=5 type=0 insize=4077 outsize=2504 kw=DUMMY LIGHT_1 SGT_E SGT_D SGT_B ok=1
Cmd: compileSnippet
  api=5 type=0 insize=4077 outsize=1778 kw=DUMMY SGT_C SGT_B ok=1
Cmd: compileSnippet
  api=5 type=0 insize=4077 outsize=2669 kw=DUMMY LIGHT_2 LIGHT_1 SGT_C SGT_B ok=1
Cmd: compileSnippet
  api=5 type=0 insize=4077 outsize=2073 kw=DUMMY SGT_D SGT_C SGT_B ok=1
Cmd: compileSnippet
  api=5 type=0 insize=4077 outsize=2922 kw=DUMMY LIGHT_2 LIGHT_1 SGT_D SGT_C SGT_B ok=1
Cmd: compileSnippet
  api=5 type=1 insize=4077 outsize=6 kw=DUMMY ok=1
Cmd: compileSnippet
  api=9 type=1 insize=4077 outsize=7 kw=DUMMY SGT_E ok=1
Cmd: compileSnippet
  api=9 type=1 insize=4077 outsize=7 kw=DUMMY SGT_D ok=1
Cmd: compileSnippet
  api=9 type=1 insize=4077 outsize=7 kw=DUMMY LIGHT_2 LIGHT_1 SGT_E SGT_D ok=1
Cmd: compileSnippet
  api=9 type=1 insize=4077 outsize=7 kw=DUMMY LIGHT_2 LIGHT_1 SGT_C ok=1
Cmd: compileSnippet
  api=5 type=1 insize=4077 outsize=6 kw=DUMMY LIGHT_2 SGT_E SGT_C ok=1
Cmd: compileSnippet
  api=5 type=1 insize=4077 outsize=6 kw=DUMMY LIGHT_1 SGT_D SGT_C ok=1
Cmd: compileSnippet
  api=5 type=1 insize=4077 outsize=6 kw=DUMMY LIGHT_2 SGT_E SGT_D SGT_C ok=1
Cmd: compileSnippet
  api=9 type=1 insize=4077 outsize=7 kw=DUMMY LIGHT_1 SGT_A ok=1
Cmd: compileSnippet
  api=9 type=1 insize=4077 outsize=7 kw=DUMMY LIGHT_1 SGT_E SGT_A ok=1
Cmd: compileSnippet
  api=9 type=1 insize=4077 outsize=7 kw=DUMMY LIGHT_1 SGT_D SGT_A ok=1
Cmd: compileSnippet
  api=5 type=1 insize=4077 outsize=6 kw=DUMMY LIGHT_2 LIGHT_1 SGT_E SGT_D SGT_A ok=1
Cmd: compileSnippet
  api=5 type=1 insize=4077 outsize=6 kw=DUMMY LIGHT_2 LIGHT_1 SGT_C SGT_A ok=1
Cmd: compileSnippet
  api=5 type=1 insize=4077 outsize=6 kw=DUMMY LIGHT_2 LIGHT_1 SGT_E SGT_C SGT_A ok=1
Cmd: compileSnippet
  api=5 type=1 insize=4077 outsize=6 kw=DUMMY LIGHT_2 LIGHT_1 SGT_D SGT_C SGT_A ok=1
Cmd: compileSnippet
  api=5 type=1 insize=4077 outsize=6 kw=DUMMY LIGHT_1 SGT_E SGT_D SGT_C SGT_A ok=1
Cmd: compileSnippet
  api=9 type=1 insize=4077 outsize=7 kw=DUMMY LIGHT_2 SGT_B ok=1
Cmd: compileSnippet
  api=9 type=1 insize=4077 outsize=7 kw=DUMMY LIGHT_2 SGT_E SGT_B ok=1
Cmd: compileSnippet
  api=9 type=1 insize=4077 outsize=7 kw=DUMMY LIGHT_2 SGT_D SGT_B ok=1
Cmd: compileSnippet
  api=9 type=1 insize=4077 outsize=7 kw=DUMMY LIGHT_2 SGT_E SGT_D SGT_B ok=1
Cmd: compileSnippet
  api=9 type=1 insize=4077 outsize=7 kw=DUMMY LIGHT_2 SGT_C SGT_B ok=1
Cmd: compileSnippet
  api=5 type=1 insize=4077 outsize=6 kw=DUMMY LIGHT_2 LIGHT_1 SGT_E SGT_C SGT_B ok=1
Cmd: compileSnippet
  api=9 type=1 insize=4077 outsize=7 kw=DUMMY SGT_D SGT_C SGT_B ok=1
Cmd: compileSnippet
  api=9 type=1 insize=4077 outsize=7 kw=DUMMY LIGHT_2 SGT_E SGT_D SGT_C SGT_B ok=1
Cmd: compileSnippet
  api=9 type=0 insize=3342 outsize=770 kw=DUMMY SGT_A ok=1
Cmd: compileSnippet
  api=9 type=0 insize=3342 outsize=2092 kw=DUMMY SGT_A SHADOW_2 ok=1
Cmd: compileSnippet
  api=5 type=0 insize=3342 outsize=925 kw=SGT_A LIGHT_0 SHADOW_2 ok=1
Cmd: compileSnippet
  api=5 type=0 insize=3342 outsize=2509 kw=LIGHT_1 SGT_A SHADOW_1 ok=1
Cmd: compileSnippet
  api=5 type=0 insize=3342 outsize=2510 kw=DUMMY LIGHT_2 SGT_A ok=1
Cmd: compileSnippet
  api=5 type=0 insize=3342 outsize=3068 kw=LIGHT_2 SGT_A SHADOW_2 ok=1
Cmd: compileSnippet
  api=5 type=1 insize=3342 outsize=6 kw=DUMMY SGT_A SHADOW_1 ok=1
Cmd: compileSnippet
  api=9 type=1 insize=3342 outsize=7 kw=DUMMY SGT_A LIGHT_0 ok=1
Cmd: compileSnippet
  api=9 type=1 insize=3342 outsize=7 kw=SGT_A LIGHT_0 SHADOW_2 ok=1
Cmd: compileSnippet
  api=9 type=1 insize=3342 outsize=7 kw=LIGHT_1 SGT_A SHADOW_1 ok=1
Cmd: compileSnippet
  api=9 type=1 insize=3342 outsize=7 kw=DUMMY LIGHT_2 ok=1
Cmd: compileSnippet
  api=9 type=1 insize=3342 outsize=7 kw=LIGHT_2 SGT_A SHADOW_1 ok=1
Cmd: compileSnippet
  api=5 type=0 insize=2768 outsize=2146 kw=DUMMY SHADOW_1 ok=1
Cmd: compileSnippet
  api=5 type=0 insize=2768 outsize=1408 kw=DUMMY LIGHT_0 ok=1
Cmd: compileSnippet
  api=5 type=0 insize=2768 outsize=1841 kw=SGT_A LIGHT_0 SHADOW_1 ok=1
Cmd: compileSnippet
  api=9 type=0 insize=2768 outsize=1854 kw=DUMMY LIGHT_1 ok=1
Cmd: compileSnippet
  api=5 type=0 insize=2768 outsize=3095 kw=DUMMY LIGHT_1 SHADOW_2 ok=1
Cmd: compileSnippet
  api=9 type=0 insize=2768 outsize=2549 kw=DUMMY LIGHT_2 SGT_A ok=1
Cmd: compileSnippet
  api=5 type=1 insize=2768 outsize=6 kw=DUMMY ok=1
Cmd: compileSnippet
  api=9 type=1 insize=2768 outsize=7 kw=DUMMY SGT_A LIGHT_0 ok=1
Cmd: compileSnippet
  api=5 type=1 insize=2768 outsize=6 kw=SGT_A LIGHT_0 SHADOW_2 ok=1
Cmd: compileSnippet
  api=9 type=1 insize=2768 outsize=7 kw=LIGHT_1 SGT_A SHADOW_1 ok=1
Cmd: compileSnippet
  api=9 type=1 insize=2768 outsize=7 kw=DUMMY LIGHT_2 SGT_A ok=1
Cmd: compileSnippet
  api=5 type=1 insize=2768 outsize=6 kw=LIGHT_2 SGT_A SHADOW_2 ok=1
Cmd: compileSnippet
  api=9 type=0 insize=2012 outsize=1802 kw=SGT_A SGT_B ok=1
Cmd: compileSnippet
  api=5 type=1 insize=2012 outsize=6 kw=SGT_A SGT_B ok=1
Cmd: compileSnippet
  api=9 type=0 insize=4832 outsize=1311 kw=DUMMY SGT_D ok=1
Cmd: compileSnippet
  api=5 type=0 insize=4832 outsize=1370 kw=DUMMY SGT_D SGT_C SGT_B ok=1
Cmd: compileSnippet
  api=5 type=0 insize=4832 outsize=1582 kw=DUMMY SGT_D SGT_C SGT_A ok=1
Cmd: compileSnippet
  api=5 type=0 insize=4832 outsize=1667 kw=DUMMY SGT_D SGT_C SGT_A SGT_B ok=1
Cmd: compileSnippet
  api=9 type=0 insize=4832 outsize=2067 kw=DUMMY SGT_D SGT_C SHADOW_1 ok=1
Cmd: compileSnippet
  api=9 type=0 insize=4832 outsize=2364 kw=DUMMY SGT_C SGT_A SHADOW_1 ok=1
Cmd: compileSnippet
  api=9 type=0 insize=4832 outsize=2523 kw=DUMMY SGT_D SGT_C SGT_A SGT_B SHADOW_1 ok=1
Cmd: compileSnippet
  api=5 type=0 insize=4832 outsize=2770 kw=DUMMY SGT_B SHADOW_2 ok=1
Cmd: compileSnippet
  api=5 type=0 insize=4832 outsize=2904 kw=DUMMY SGT_D SGT_A SHADOW_2 ok=1
Cmd: compileSnippet
  api=9 type=0 insize=4832 outsize=3080 kw=DUMMY SGT_A SGT_B SHADOW_2 ok=1
Cmd: compileSnippet
  api=9 type=0 insize=4832 outsize=1377 kw=DUMMY LIGHT_0 ok=1
Cmd: compileSnippet
  api=5 type=0 insize=4832 outsize=1436 kw=DUMMY SGT_C SGT_B LIGHT_0 ok=1
Cmd: compileSnippet
  api=9 type=0 insize=4832 outsize=1674 kw=DUMMY SGT_A LIGHT_0 ok=1
Cmd: compileSnippet
  api=5 type=0 insize=4832 outsize=1733 kw=DUMMY SGT_D SGT_A SGT_B LIGHT_0 ok=1
Cmd: compileSnippet
  api=9 type=0 insize=4832 outsize=1481 kw=DUMMY SGT_D LIGHT_0 SHADOW_1 ok=1
Cmd: compileSnippet
  api=5 type=0 insize=4832 outsize=1544 kw=DUMMY SGT_D SGT_B LIGHT_0 SHADOW_1 ok=1
Cmd: compileSnippet
  api=9 type=0 insize=4832 outsize=1566 kw=DUMMY SGT_D SGT_C SGT_B LIGHT_0 SHADOW_1 ok=1
Cmd: compileSnippet
  api=9 type=0 insize=4832 outsize=1778 kw=DUMMY SGT_C SGT_A LIGHT_0 SHADOW_1 ok=1
Cmd: compileSnippet
  api=5 type=0 insize=4832 outsize=1841 kw=SGT_D SGT_C SGT_A SGT_B LIGHT_0 SHADOW_1 ok=1
Cmd: compileSnippet
  api=5 type=0 insize=4832 outsize=1459 kw=DUMMY SGT_D SGT_C LIGHT_0 SHADOW_2 ok=1
Cmd: compileSnippet
  api=5 type=0 insize=4832 outsize=1544 kw=DUMMY SGT_D SGT_C SGT_B LIGHT_0 SHADOW_2 ok=1
Cmd: compileSnippet
  api=5 type=0 insize=4832 outsize=1756 kw=DUMMY SGT_D SGT_C SGT_A LIGHT_0 SHADOW_2 ok=1
Cmd: compileSnippet
  api=9 type=0 insize=4832 outsize=1863 kw=DUMMY SGT_C SGT_A SGT_B LIGHT_0 SHADOW_2 ok=1
Cmd: compileSnippet
  api=9 type=0 insize=4832 outsize=1909 kw=DUMMY LIGHT_1 SGT_D ok=1
Cmd: compileSnippet
  api=9 type=0 insize=4832 outsize=1994 kw=DUMMY LIGHT_1 SGT_B ok=1
Cmd: compileSnippet
  api=5 type=0 insize=4832 outsize=2183 kw=DUMMY LIGHT_1 SGT_D SGT_A ok=1
Cmd: compileSnippet
  api=9 type=0 insize=4832 outsize=2283 kw=DUMMY LIGHT_1 SGT_D SGT_A SGT_B ok=1
Cmd: compileSnippet
  api=5 type=0 insize=4832 outsize=2952 kw=DUMMY LIGHT_1 SHADOW_1 ok=1
Cmd: compileSnippet
  api=5 type=0 insize=4832 outsize=3042 kw=DUMMY LIGHT_1 SGT_D SGT_B SHADOW_1 ok=1
Cmd: compileSnippet
  api=9 type=0 insize=4832 outsize=3957 kw=DUMMY LIGHT_1 SGT_C SGT_B SHADOW_1 ok=1
Cmd: compileSnippet
  api=5 type=0 insize=4832 outsize=3331 kw=DUMMY LIGHT_1 SGT_A SGT_B SHADOW_1 ok=1
Cmd: compileSnippet
  api=5 type=0 insize=4832 outsize=4887 kw=DUMMY LIGHT_1 SGT_C SHADOW_2 ok=1
Cmd: compileSnippet
  api=9 type=0 insize=4832 outsize=3972 kw=DUMMY LIGHT_1 SGT_D SGT_B SHADOW_2 ok=1
Cmd: compileSnippet
  api=9 type=0 insize=4832 outsize=4171 kw=DUMMY LIGHT_1 SGT_D SGT_A SHADOW_2 ok=1
Cmd: compileSnippet
  api=9 type=0 insize=4832 outsize=4261 kw=DUMMY LIGHT_1 SGT_D SGT_A SGT_B SHADOW_2 ok=1
Cmd: compileSnippet
  api=9 type=0 insize=4832 outsize=2371 kw=DUMMY LIGHT_2 SGT_D ok=1
Cmd: compileSnippet
  api=5 type=0 insize=4832 outsize=2852 kw=DUMMY LIGHT_2 SGT_C SGT_B ok=1
Cmd: compileSnippet
  api=9 type=0 insize=4832 outsize=3071 kw=DUMMY LIGHT_2 SGT_C SGT_A ok=1
Cmd: compileSnippet
  api=9 type=0 insize=4832 outsize=3277 kw=DUMMY LIGHT_2 SGT_D SGT_C SGT_A SGT_B ok=1
Cmd: compileSnippet
  api=9 type=0 insize=4832 outsize=4036 kw=DUMMY LIGHT_2 SGT_D SGT_C SHADOW_1 ok=1
Cmd: compileSnippet
  api=9 type=0 insize=4832 outsize=4126 kw=DUMMY LIGHT_2 SGT_D SGT_C SGT_B SHADOW_1 ok=1
Cmd: compileSnippet
  api=5 type=0 insize=4832 outsize=4341 kw=DUMMY LIGHT_2 SGT_D SGT_C SGT_A SHADOW_1 ok=1
Cmd: compileSnippet
  api=9 type=0 insize=4832 outsize=4255 kw=DUMMY LIGHT_2 SGT_C SGT_A SGT_B SHADOW_1 ok=1
Cmd: compileSnippet
  api=9 type=0 insize=4832 outsize=4876 kw=DUMMY LIGHT_2 SGT_C SHADOW_2 ok=1
Cmd: compileSnippet
  api=9 type=0 insize=4832 outsize=4966 kw=DUMMY LIGHT_2 SGT_C SGT_B SHADOW_2 ok=1
Cmd: compileSnippet
  api=9 type=0 insize=4832 outsize=5174 kw=DUMMY LIGHT_2 SGT_C SGT_A SHADOW_2 ok=1
Cmd: compileSnippet
  api=5 type=0 insize=4832 outsize=5275 kw=DUMMY LIGHT_2 SGT_C SGT_A SGT_B SHADOW_2 ok=1
Cmd: compileSnippet
  api=5 type=1 insize=4832 outsize=6 kw=DUMMY SGT_D ok=1
Cmd: compileSnippet
  api=5 type=1 insize=4832 outsize=6 kw=DUMMY SGT_C SGT_B ok=1
Cmd: compileSnippet
  api=5 type=1 insize=4832 outsize=6 kw=DUMMY SGT_C SGT_A ok=1
Cmd: compileSnippet
  api=9 type=1 insize=4832 outsize=7 kw=DUMMY SGT_C SGT_A SGT_B ok=1
Cmd: compileSnippet
  api=5 type=1 insize=4832 outsize=6 kw=DUMMY SGT_D SGT_C SHADOW_1 ok=1
Cmd: compileSnippet
  api=5 type=1 insize=4832 outsize=6 kw=DUMMY SGT_D SGT_C SGT_B SHADOW_1 ok=1
Cmd: compileSnippet
  api=9 type=1 insize=4832 outsize=7 kw=DUMMY SGT_D SGT_C SGT_A SHADOW_1 ok=1
Cmd: compileSnippet
  api=9 type=1 insize=4832 outsize=7 kw=DUMMY SGT_C SGT_A SGT_B SHADOW_1 ok=1
Cmd: compileSnippet
  api=9 type=1 insize=4832 outsize=7 kw=DUMMY SGT_D SHADOW_2 ok=1
Cmd: compileSnippet
  api=5 type=1 insize=4832 outsize=6 kw=DUMMY SGT_D SGT_B SHADOW_2 ok=1
Cmd: compileSnippet
  api=5 type=1 insize=4832 outsize=6 kw=DUMMY SGT_D SGT_A SHADOW_2 ok=1
Cmd: compileSnippet
  api=5 type=1 insize=4832 outsize=6 kw=DUMMY SGT_D SGT_A SGT_B SHADOW_2 ok=1
Cmd: compileSnippet
  api=5 type=1 insize=4832 outsize=6 kw=DUMMY SGT_D SGT_C LIGHT_0 ok=1
Cmd: compileSnippet
  api=5 type=1 insize=4832 outsize=6 kw=DUMMY SGT_D SGT_C SGT_B LIGHT_0 ok=1
Cmd: compileSnippet
  api=5 type=1 insize=4832 outsize=6 kw=DUMMY SGT_D SGT_C SGT_A LIGHT_0 ok=1
Cmd: compileSnippet
  api=9 type=1 insize=4832 outsize=7 kw=DUMMY SGT_C SGT_A SGT_B LIGHT_0 ok=1
Cmd: compileSnippet
  api=5 type=1 insize=4832 outsize=6 kw=DUMMY SGT_C LIGHT_0 SHADOW_1 ok=1
Cmd: compileSnippet
  api=9 type=1 insize=4832 outsize=7 kw=DUMMY SGT_D SGT_B LIGHT_0 SHADOW_1 ok=1
Cmd: compileSnippet
  api=5 type=1 insize=4832 outsize=6 kw=DUMMY SGT_D SGT_A LIGHT_0 SHADOW_1 ok=1
Cmd: compileSnippet
  api=5 type=1 insize=4832 outsize=6 kw=DUMMY SGT_D SGT_A SGT_B LIGHT_0 SHADOW_1 ok=1
Cmd: compileSnippet
  api=5 type=1 insize=4832 outsize=6 kw=DUMMY SGT_C LIGHT_0 SHADOW_2 ok=1
Cmd: compileSnippet
  api=9 type=1 insize=4832 outsize=7 kw=DUMMY SGT_D SGT_B LIGHT_0 SHADOW_2 ok=1
Cmd: compileSnippet
  api=5 type=1 insize=4832 outsize=6 kw=DUMMY SGT_C SGT_A LIGHT_0 SHADOW_2 ok=1
Cmd: compileSnippet
  api=5 type=1 insize=4832 outsize=6 kw=SGT_D SGT_C SGT_A SGT_B LIGHT_0 SHADOW_2 ok=1
Cmd: compileSnippet
  api=5 type=1 insize=4832 outsize=6 kw=DUMMY LIGHT_1 SGT_D SGT_C ok=1
Cmd: compileSnippet
  api=9 type=1 insize=4832 outsize=7 kw=DUMMY LIGHT_1 SGT_D SGT_C SGT_B ok=1
Cmd: compileSnippet
  api=9 type=1 insize=4832 outsize=7 kw=DUMMY LIGHT_1 SGT_D SGT_C SGT_A ok=1
Cmd: compileSnippet
  api=9 type=1 insize=4832 outsize=7 kw=DUMMY LIGHT_1 SGT_D SGT_C SGT_A SGT_B ok=1
Cmd: compileSnippet
  api=5 type=1 insize=4832 outsize=6 kw=DUMMY LIGHT_1 SGT_D SHADOW_1 ok=1
Cmd: compileSnippet
  api=9 type=1 insize=4832 outsize=7 kw=DUMMY LIGHT_1 SGT_D SGT_B SHADOW_1 ok=1
Cmd: compileSnippet
  api=9 type=1 insize=4832 outsize=7 kw=DUMMY LIGHT_1 SGT_D SGT_A SHADOW_1 ok=1
Cmd: compileSnippet
  api=9 type=1 insize=4832 outsize=7 kw=DUMMY LIGHT_1 SGT_C SGT_A SGT_B SHADOW_1 ok=1
Cmd: compileSnippet
  api=9 type=1 insize=4832 outsize=7 kw=DUMMY LIGHT_1 SGT_D SGT_C SHADOW_2 ok=1
Cmd: compileSnippet
  api=9 type=1 insize=4832 outsize=7 kw=DUMMY LIGHT_1 SGT_D SGT_C SGT_B SHADOW_2 ok=1
Cmd: compileSnippet
  api=5 type=1 insize=4832 outsize=6 kw=DUMMY LIGHT_1 SGT_D SGT_C SGT_A SHADOW_2 ok=1
Cmd: compileSnippet
  api=9 type=1 insize=4832 outsize=7 kw=DUMMY LIGHT_1 SGT_C SGT_A SGT_B SHADOW_2 ok=1
Cmd: compileSnippet
  api=9 type=1 insize=4832 outsize=7 kw=DUMMY LIGHT_2 SGT_C ok=1
Cmd: compileSnippet
  api=5 type=1 insize=4832 outsize=6 kw=DUMMY LIGHT_2 SGT_C SGT_B ok=1
Cmd: compileSnippet
  api=9 type=1 insize=4832 outsize=7 kw=DUMMY LIGHT_2 SGT_D SGT_A ok=1
Cmd: compileSnippet
  api=9 type=1 insize=4832 outsize=7 kw=DUMMY LIGHT_2 SGT_A SGT_B ok=1
Cmd: compileSnippet
  api=9 type=1 insize=4832 outsize=7 kw=DUMMY LIGHT_2 SGT_D SGT_C SHADOW_1 ok=1
Cmd: compileSnippet
  api=5 type=1 insize=4832 outsize=6 kw=DUMMY LIGHT_2 SGT_D SGT_B SHADOW_1 ok=1
Cmd: compileSnippet
  api=9 type=1 insize=4832 outsize=7 kw=DUMMY LIGHT_2 SGT_D SGT_A SHADOW_1 ok=1
Cmd: compileSnippet
  api=9 type=1 insize=4832 outsize=7 kw=DUMMY LIGHT_2 SGT_D SGT_A SGT_B SHADOW_1 ok=1
Cmd: compileSnippet
  api=9 type=1 insize=4832 outsize=7 kw=DUMMY LIGHT_2 SGT_D SHADOW_2 ok=1
Cmd: compileSnippet
  api=9 type=1 insize=4832 outsize=7 kw=DUMMY LIGHT_2 SGT_C SGT_B SHADOW_2 ok=1
Cmd: compileSnippet
  api=9 type=1 insize=4832 outsize=7 kw=DUMMY LIGHT_2 SGT_C SGT_A SHADOW_2 ok=1
Cmd: compileSnippet
  api=5 type=1 insize=4832 outsize=6 kw=LIGHT_2 SGT_D SGT_C SGT_A SGT_B SHADOW_2 ok=1
Cmd: compileSnippet
  api=9 type=0 insize=3497 outsize=2119 kw=DUMMY SGT_A SHADOW_1 ok=1
Cmd: compileSnippet
  api=9 type=0 insize=3497 outsize=1373 kw=DUMMY LIGHT_0 ok=1
Cmd: compileSnippet
  api=9 type=0 insize=3497 outsize=2176 kw=SGT_A LIGHT_0 SHADOW_1 ok=1
Cmd: compileSnippet
  api=5 type=0 insize=3497 outsize=2703 kw=DUMMY LIGHT_1 SHADOW_1 ok=1
Cmd: compileSnippet
  api=9 type=0 insize=3497 outsize=3462 kw=LIGHT_1 SGT_A SHADOW_2 ok=1
Cmd: compileSnippet
  api=5 type=0 insize=3497 outsize=3483 kw=LIGHT_2 SGT_A SHADOW_2 ok=1
Cmd: compileSnippet
  api=5 type=1 insize=3497 outsize=6 kw=DUMMY SHADOW_1 ok=1
Cmd: compileSnippet
  api=5 type=1 insize=3497 outsize=6 kw=DUMMY LIGHT_0 ok=1
Cmd: compileSnippet
  api=9 type=1 insize=3497 outsize=7 kw=SGT_A LIGHT_0 SHADOW_1 ok=1
Cmd: compileSnippet
  api=5 type=1 insize=3497 outsize=6 kw=DUMMY LIGHT_1 SHADOW_1 ok=1
Cmd: compileSnippet
  api=9 type=1 insize=3497 outsize=7 kw=LIGHT_1 SGT_A SHADOW_2 ok=1
Cmd: compileSnippet
  api=9 type=1 insize=3497 outsize=7 kw=LIGHT_2 SGT_A SHADOW_1 ok=1
Cmd: compileSnippet
  api=5 type=0 insize=4621 outsize=1524 kw=DUMMY SGT_E ok=1
Cmd: compileSnippet
  api=5 type=0 insize=4621 outsize=1522 kw=DUMMY SGT_E SGT_C ok=1
Cmd: compileSnippet
  api=9 type=0 insize=4621 outsize=1622 kw=DUMMY SGT_E SGT_D SGT_B ok=1
Cmd: compileSnippet
  api=9 type=0 insize=4621 outsize=1620 kw=DUMMY SGT_E SGT_D SGT_C SGT_B ok=1
Cmd: compileSnippet
  api=9 type=0 insize=4621 outsize=1738 kw=DUMMY SGT_E SGT_D SGT_A ok=1
Cmd: compileSnippet
  api=5 type=0 insize=4621 outsize=1723 kw=DUMMY SGT_E SGT_D SGT_C SGT_A ok=1
Cmd: compileSnippet
  api=9 type=0 insize=4621 outsize=1823 kw=DUMMY SGT_D SGT_A SGT_B ok=1
Cmd: compileSnippet
  api=5 type=0 insize=4621 outsize=1808 kw=DUMMY SGT_D SGT_C SGT_A SGT_B ok=1
Cmd: compileSnippet
  api=9 type=0 insize=4621 outsize=2299 kw=DUMMY SGT_D SHADOW_1 ok=1
Cmd: compileSnippet
  api=9 type=0 insize=4621 outsize=2297 kw=DUMMY SGT_D SGT_C SHADOW_1 ok=1
Cmd: compileSnippet
  api=5 type=0 insize=4621 outsize=2460 kw=DUMMY SGT_D SGT_B SHADOW_1 ok=1
Cmd: compileSnippet
  api=9 type=0 insize=4621 outsize=2460 kw=DUMMY SGT_E SGT_D SGT_C SGT_B SHADOW_1 ok=1
Cmd: compileSnippet
  api=5 type=0 insize=4621 outsize=2496 kw=DUMMY SGT_E SGT_D SGT_A SHADOW_1 ok=1
Cmd: compileSnippet
  api=5 type=0 insize=4621 outsize=2659 kw=DUMMY SGT_A SGT_B SHADOW_1 ok=1
Cmd: compileSnippet
  api=5 type=0 insize=4621 outsize=2657 kw=DUMMY SGT_E SGT_C SGT_A SGT_B SHADOW_1 ok=1
Cmd: compileSnippet
  api=5 type=0 insize=4621 outsize=2856 kw=DUMMY SHADOW_2 ok=1
Cmd: compileSnippet
  api=9 type=0 insize=4621 outsize=2856 kw=DUMMY SGT_E SGT_D SHADOW_2 ok=1
Cmd: compileSnippet
  api=5 type=0 insize=4621 outsize=2854 kw=DUMMY SGT_E SGT_D SGT_C SHADOW_2 ok=1
Cmd: compileSnippet
  api=9 type=0 insize=4621 outsize=3019 kw=DUMMY SGT_E SGT_B SHADOW_2 ok=1
Cmd: compileSnippet
  api=5 type=0 insize=4621 outsize=3017 kw=DUMMY SGT_D SGT_C SGT_B SHADOW_2 ok=1
Cmd: compileSnippet
  api=9 type=0 insize=4621 outsize=3055 kw=DUMMY SGT_E SGT_A SHADOW_2 ok=1
Cmd: compileSnippet
  api=5 type=0 insize=4621 outsize=3053 kw=DUMMY SGT_D SGT_C SGT_A SHADOW_2 ok=1
Cmd: compileSnippet
  api=9 type=0 insize=4621 outsize=3053 kw=DUMMY SGT_E SGT_D SGT_C SGT_A SHADOW_2 ok=1
Cmd: compileSnippet
  api=9 type=0 insize=4621 outsize=3218 kw=DUMMY SGT_E SGT_D SGT_A SGT_B SHADOW_2 ok=1
Cmd: compileSnippet
  api=9 type=0 insize=4621 outsize=1692 kw=DUMMY SGT_D LIGHT_0 ok=1
Cmd: compileSnippet
  api=5 type=0 insize=4621 outsize=1764 kw=DUMMY SGT_B LIGHT_0 ok=1
Cmd: compileSnippet
  api=9 type=0 insize=4621 outsize=1775 kw=DUMMY SGT_C SGT_B LIGHT_0 ok=1
Cmd: compileSnippet
  api=5 type=0 insize=4621 outsize=1880 kw=DUMMY SGT_A LIGHT_0 ok=1
Cmd: compileSnippet
  api=9 type=0 insize=4621 outsize=1893 kw=DUMMY SGT_E SGT_D SGT_A LIGHT_0 ok=1
Cmd: compileSnippet
  api=5 type=0 insize=4621 outsize=1878 kw=DUMMY SGT_E SGT_D SGT_C SGT_A LIGHT_0 ok=1
Cmd: compileSnippet
  api=9 type=0 insize=4621 outsize=1978 kw=DUMMY SGT_D SGT_A SGT_B LIGHT_0 ok=1
Cmd: compileSnippet
  api=5 type=0 insize=4621 outsize=1963 kw=DUMMY SGT_D SGT_C SGT_A SGT_B LIGHT_0 ok=1
Cmd: compileSnippet
  api=5 type=0 insize=4621 outsize=1793 kw=DUMMY SGT_D LIGHT_0 SHADOW_1 ok=1
Cmd: compileSnippet
  api=5 type=0 insize=4621 outsize=1791 kw=DUMMY SGT_E SGT_C LIGHT_0 SHADOW_1 ok=1
Cmd: compileSnippet
  api=9 type=0 insize=4621 outsize=1887 kw=DUMMY SGT_E SGT_B LIGHT_0 SHADOW_1 ok=1
Cmd: compileSnippet
  api=5 type=0 insize=4621 outsize=1876 kw=DUMMY SGT_D SGT_C SGT_B LIGHT_0 SHADOW_1 ok=1
Cmd: compileSnippet
  api=5 type=0 insize=4621 outsize=1992 kw=DUMMY SGT_E SGT_A LIGHT_0 SHADOW_1 ok=1
Cmd: compileSnippet
  api=5 type=0 insize=4621 outsize=1990 kw=DUMMY SGT_E SGT_C SGT_A LIGHT_0 SHADOW_1 ok=1
Cmd: compileSnippet
  api=5 type=0 insize=4621 outsize=1990 kw=DUMMY SGT_E SGT_D SGT_C SGT_A LIGHT_0 SHADOW_1 ok=1
Cmd: compileSnippet
  api=5 type=0 insize=4621 outsize=2077 kw=DUMMY SGT_E SGT_D SGT_A SGT_B LIGHT_0 SHADOW_1 ok=1
Cmd: compileSnippet
  api=5 type=0 insize=4621 outsize=1793 kw=DUMMY LIGHT_0 SHADOW_2 ok=1
Cmd: compileSnippet
  api=9 type=0 insize=4621 outsize=1800 kw=DUMMY SGT_C LIGHT_0 SHADOW_2 ok=1
Cmd: compileSnippet
  api=9 type=0 insize=4621 outsize=1887 kw=DUMMY SGT_B LIGHT_0 SHADOW_2 ok=1
Cmd: compileSnippet
  api=5 type=0 insize=4621 outsize=1876 kw=DUMMY SGT_C SGT_B LIGHT_0 SHADOW_2 ok=1
Cmd: compileSnippet
  api=9 type=0 insize=4621 outsize=1885 kw=DUMMY SGT_E SGT_D SGT_C SGT_B LIGHT_0 SHADOW_2 ok=1
Cmd: compileSnippet
  api=9 type=0 insize=4621 outsize=2001 kw=DUMMY SGT_E SGT_D SGT_A LIGHT_0 SHADOW_2 ok=1
Cmd: compileSnippet
  api=5 type=0 insize=4621 outsize=2077 kw=DUMMY SGT_A SGT_B LIGHT_0 SHADOW_2 ok=1
Cmd: compileSnippet
  api=5 type=0 insize=4621 outsize=2075 kw=DUMMY SGT_E SGT_C SGT_A SGT_B LIGHT_0 SHADOW_2 ok=1
Cmd: compileSnippet
  api=9 type=0 insize=4621 outsize=2182 kw=DUMMY LIGHT_1 ok=1
Cmd: compileSnippet
  api=9 type=0 insize=4621 outsize=2180 kw=DUMMY LIGHT_1 SGT_C ok=1
Cmd: compileSnippet
  api=9 type=0 insize=4621 outsize=2267 kw=DUMMY LIGHT_1 SGT_B ok=1
Cmd: compileSnippet
  api=9 type=0 insize=4621 outsize=2265 kw=DUMMY LIGHT_1 SGT_E SGT_C SGT_B ok=1
Cmd: compileSnippet
  api=9 type=0 insize=4621 outsize=2381 kw=DUMMY LIGHT_1 SGT_E SGT_A ok=1
Cmd: compileSnippet
  api=5 type=0 insize=4621 outsize=2377 kw=DUMMY LIGHT_1 SGT_C SGT_A ok=1
Cmd: compileSnippet
  api=5 type=0 insize=4621 outsize=2937 kw=DUMMY LIGHT_1 SGT_D SGT_C SGT_A ok=1
Cmd: compileSnippet
  api=9 type=0 insize=4621 outsize=3017 kw=DUMMY LIGHT_1 SGT_D SGT_A SGT_B ok=1
Cmd: compileSnippet
  api=5 type=0 insize=4621 outsize=3206 kw=DUMMY LIGHT_1 SGT_E SGT_D SGT_C SGT_A SGT_B ok=1
Cmd: compileSnippet
  api=9 type=0 insize=4621 outsize=3603 kw=DUMMY LIGHT_1 SGT_E SGT_D SHADOW_1 ok=1
Cmd: compileSnippet
  api=5 type=0 insize=4621 outsize=3619 kw=DUMMY LIGHT_1 SGT_E SGT_D SGT_C SHADOW_1 ok=1
Cmd: compileSnippet
  api=9 type=0 insize=4621 outsize=2954 kw=DUMMY LIGHT_1 SGT_C SGT_B SHADOW_1 ok=1
Cmd: compileSnippet
  api=9 type=0 insize=4621 outsize=3063 kw=DUMMY LIGHT_1 SGT_A SHADOW_1 ok=1
Cmd: compileSnippet
  api=5 type=0 insize=4621 outsize=3822 kw=DUMMY LIGHT_1 SGT_E SGT_D SGT_A SHADOW_1 ok=1
Cmd: compileSnippet
  api=5 type=0 insize=4621 outsize=3162 kw=DUMMY LIGHT_1 SGT_E SGT_A SGT_B SHADOW_1 ok=1
Cmd: compileSnippet
  api=5 type=0 insize=4621 outsize=3160 kw=DUMMY LIGHT_1 SGT_E SGT_C SGT_A SGT_B SHADOW_1 ok=1
Cmd: compileSnippet
  api=9 type=0 insize=4621 outsize=3892 kw=LIGHT_1 SGT_E SGT_D SGT_C SGT_A SGT_B SHADOW_1 ok=1
Cmd: compileSnippet
  api=5 type=0 insize=4621 outsize=3432 kw=DUMMY LIGHT_1 SGT_E SGT_C SHADOW_2 ok=1
Cmd: compileSnippet
  api=5 type=0 insize=4621 outsize=4178 kw=DUMMY LIGHT_1 SGT_E SGT_D SGT_C SHADOW_2 ok=1
Cmd: compileSnippet
  api=5 type=0 insize=4621 outsize=3522 kw=DUMMY LIGHT_1 SGT_C SGT_B SHADOW_2 ok=1
Cmd: compileSnippet
  api=5 type=0 insize=4621 outsize=4081 kw=DUMMY LIGHT_1 SGT_D SGT_C SGT_B SHADOW_2 ok=1
Cmd: compileSnippet
  api=9 type=0 insize=4621 outsize=4361 kw=DUMMY LIGHT_1 SGT_E SGT_D SGT_A SHADOW_2 ok=1
Cmd: compileSnippet
  api=9 type=0 insize=4621 outsize=3710 kw=DUMMY LIGHT_1 SGT_A SGT_B SHADOW_2 ok=1
Cmd: compileSnippet
  api=5 type=0 insize=4621 outsize=3719 kw=DUMMY LIGHT_1 SGT_C SGT_A SGT_B SHADOW_2 ok=1
Cmd: compileSnippet
  api=9 type=0 insize=4621 outsize=4449 kw=LIGHT_1 SGT_E SGT_D SGT_C SGT_A SGT_B SHADOW_2 ok=1
Cmd: compileSnippet
  api=5 type=0 insize=4621 outsize=2734 kw=DUMMY LIGHT_2 SGT_D SGT_C ok=1
Cmd: compileSnippet
  api=9 type=0 insize=4621 outsize=2814 kw=DUMMY LIGHT_2 SGT_D SGT_B ok=1
Cmd: compileSnippet
  api=9 type=0 insize=4621 outsize=2727 kw=DUMMY LIGHT_2 SGT_E SGT_C SGT_B ok=1
Cmd: compileSnippet
  api=9 type=0 insize=4621 outsize=2843 kw=DUMMY LIGHT_2 SGT_E SGT_A ok=1
Cmd: compileSnippet
  api=9 type=0 insize=4621 outsize=2841 kw=DUMMY LIGHT_2 SGT_E SGT_C SGT_A ok=1
Cmd: compileSnippet
  api=5 type=0 insize=4621 outsize=2937 kw=DUMMY LIGHT_2 SGT_E SGT_A SGT_B ok=1
Cmd: compileSnippet
  api=5 type=0 insize=4621 outsize=2935 kw=DUMMY LIGHT_2 SGT_E SGT_C SGT_A SGT_B ok=1
Cmd: compileSnippet
  api=9 type=0 insize=4621 outsize=3409 kw=DUMMY LIGHT_2 SGT_E SHADOW_1 ok=1
Cmd: compileSnippet
  api=9 type=0 insize=4621 outsize=3414 kw=DUMMY LIGHT_2 SGT_D SGT_C SHADOW_1 ok=1
Cmd: compileSnippet
  api=9 type=0 insize=4621 outsize=3693 kw=DUMMY LIGHT_2 SGT_E SGT_D SGT_B SHADOW_1 ok=1
Cmd: compileSnippet
  api=5 type=0 insize=4621 outsize=3626 kw=DUMMY LIGHT_2 SGT_E SGT_A SHADOW_1 ok=1
Cmd: compileSnippet
  api=5 type=0 insize=4621 outsize=3633 kw=DUMMY LIGHT_2 SGT_D SGT_C SGT_A SHADOW_1 ok=1
Cmd: compileSnippet
  api=9 type=0 insize=4621 outsize=3696 kw=DUMMY LIGHT_2 SGT_E SGT_A SGT_B SHADOW_1 ok=1
Cmd: compileSnippet
  api=9 type=0 insize=4621 outsize=3705 kw=DUMMY LIGHT_2 SGT_D SGT_C SGT_A SGT_B SHADOW_1 ok=1
Cmd: compileSnippet
  api=9 type=0 insize=4621 outsize=3973 kw=DUMMY LIGHT_2 SGT_D SHADOW_2 ok=1
Cmd: compileSnippet
  api=9 type=0 insize=4621 outsize=3964 kw=DUMMY LIGHT_2 SGT_E SGT_C SHADOW_2 ok=1
Cmd: compileSnippet
  api=5 type=0 insize=4621 outsize=4083 kw=DUMMY LIGHT_2 SGT_D SGT_B SHADOW_2 ok=1
Cmd: compileSnippet
  api=9 type=0 insize=4621 outsize=4054 kw=DUMMY LIGHT_2 SGT_E SGT_C SGT_B SHADOW_2 ok=1
Cmd: compileSnippet
  api=5 type=0 insize=4621 outsize=4185 kw=DUMMY LIGHT_2 SGT_E SGT_A SHADOW_2 ok=1
Cmd: compileSnippet
  api=5 type=0 insize=4621 outsize=4183 kw=DUMMY LIGHT_2 SGT_E SGT_C SGT_A SHADOW_2 ok=1
Cmd: compileSnippet
  api=9 type=0 insize=4621 outsize=4253 kw=DUMMY LIGHT_2 SGT_E SGT_A SGT_B SHADOW_2 ok=1
Cmd: compileSnippet
  api=9 type=0 insize=4621 outsize=4251 kw=DUMMY LIGHT_2 SGT_E SGT_C SGT_A SGT_B SHADOW_2 ok=1
Cmd: compileSnippet
  api=9 type=1 insize=4621 outsize=7 kw=DUMMY ok=1
Cmd: compileSnippet
  api=5 type=1 insize=4621 outsize=6 kw=DUMMY SGT_D SGT_C ok=1
Cmd: compileSnippet
  api=5 type=1 insize=4621 outsize=6 kw=DUMMY SGT_D SGT_B ok=1
Cmd: compileSnippet
  api=9 type=1 insize=4621 outsize=7 kw=DUMMY SGT_E SGT_C SGT_B ok=1
Cmd: compileSnippet
  api=9 type=1 insize=4621 outsize=7 kw=DUMMY SGT_E SGT_A ok=1
Cmd: compileSnippet
  api=9 type=1 insize=4621 outsize=7 kw=DUMMY SGT_E SGT_C SGT_A ok=1
Cmd: compileSnippet
  api=5 type=1 insize=4621 outsize=6 kw=DUMMY SGT_D SGT_A SGT_B ok=1
Cmd: compileSnippet
  api=5 type=1 insize=4621 outsize=6 kw=DUMMY SGT_D SGT_C SGT_A SGT_B ok=1
Cmd: compileSnippet
  api=5 type=1 insize=4621 outsize=6 kw=DUMMY SGT_E SGT_D SHADOW_1 ok=1
Cmd: compileSnippet
  api=9 type=1 insize=4621 outsize=7 kw=DUMMY SGT_E SGT_D SGT_C SHADOW_1 ok=1
Cmd: compileSnippet
  api=5 type=1 insize=4621 outsize=6 kw=DUMMY SGT_E SGT_B SHADOW_1 ok=1
Cmd: compileSnippet
  api=9 type=1 insize=4621 outsize=7 kw=DUMMY SGT_D SGT_C SGT_B SHADOW_1 ok=1
Cmd: compileSnippet
  api=9 type=1 insize=4621 outsize=7 kw=DUMMY SGT_D SGT_A SHADOW_1 ok=1
Cmd: compileSnippet
  api=5 type=1 insize=4621 outsize=6 kw=DUMMY SGT_E SGT_C SGT_A SHADOW_1 ok=1
Cmd: compileSnippet
  api=5 type=1 insize=4621 outsize=6 kw=DUMMY SGT_E SGT_A SGT_B SHADOW_1 ok=1
Cmd: compileSnippet
  api=9 type=1 insize=4621 outsize=7 kw=DUMMY SGT_E SGT_D SGT_C SGT_A SGT_B SHADOW_1 ok=1
Cmd: compileSnippet
  api=9 type=1 insize=4621 outsize=7 kw=DUMMY SGT_D SHADOW_2 ok=1
Cmd: compileSnippet
  api=5 type=1 insize=4621 outsize=6 kw=DUMMY SGT_B SHADOW_2 ok=1
Cmd: compileSnippet
  api=9 type=1 insize=4621 outsize=7 kw=DUMMY SGT_B SHADOW_2 ok=1
Cmd: compileSnippet
  api=5 type=1 insize=4621 outsize=6 kw=DUMMY SGT_D SGT_C SGT_B SHADOW_2 ok=1
Cmd: compileSnippet
  api=9 type=1 insize=4621 outsize=7 kw=DUMMY SGT_D SGT_A SHADOW_2 ok=1
Cmd: compileSnippet
  api=5 type=1 insize=4621 outsize=6 kw=DUMMY SGT_D SGT_C SGT_A SHADOW_2 ok=1
Cmd: compileSnippet
  api=5 type=1 insize=4621 outsize=6 kw=DUMMY SGT_D SGT_A SGT_B SHADOW_2 ok=1
Cmd: compileSnippet
  api=9 type=1 insize=4621 outsize=7 kw=DUMMY SGT_E SGT_D SGT_C SGT_A SGT_B SHADOW_2 ok=1
Cmd: compileSnippet
  api=5 type=1 insize=4621 outsize=6 kw=DUMMY SGT_E SGT_D LIGHT_0 ok=1
Cmd: compileSnippet
  api=5 type=1 insize=4621 outsize=6 kw=DUMMY SGT_D SGT_C LIGHT_0 ok=1
Cmd: compileSnippet
  api=5 type=1 insize=4621 outsize=6 kw=DUMMY SGT_D SGT_B LIGHT_0 ok=1
Cmd: compileSnippet
  api=9 type=1 insize=4621 outsize=7 kw=DUMMY SGT_E SGT_C SGT_B LIGHT_0 ok=1
Cmd: compileSnippet
  api=5 type=1 insize=4621 outsize=6 kw=DUMMY SGT_E SGT_A LIGHT_0 ok=1
Cmd: compileSnippet
  api=5 type=1 insize=4621 outsize=6 kw=DUMMY SGT_A SGT_B LIGHT_0 ok=1
Cmd: compileSnippet
  api=5 type=1 insize=4621 outsize=6 kw=DUMMY SGT_E SGT_A SGT_B LIGHT_0 ok=1
Cmd: compileSnippet
  api=5 type=1 insize=4621 outsize=6 kw=DUMMY LIGHT_0 SHADOW_1 ok=1
Cmd: compileSnippet
  api=5 type=1 insize=4621 outsize=6 kw=DUMMY SGT_E LIGHT_0 SHADOW_1 ok=1
Cmd: compileSnippet
  api=5 type=1 insize=4621 outsize=6 kw=DUMMY SGT_B LIGHT_0 SHADOW_1 ok=1
Cmd: compileSnippet
  api=9 type=1 insize=4621 outsize=7 kw=DUMMY SGT_E SGT_B LIGHT_0 SHADOW_1 ok=1
Cmd: compileSnippet
  api=5 type=1 insize=4621 outsize=6 kw=DUMMY SGT_E SGT_D SGT_C SGT_B LIGHT_0 SHADOW_1 ok=1
Cmd: compileSnippet
  api=9 type=1 insize=4621 outsize=7 kw=DUMMY SGT_D SGT_A LIGHT_0 SHADOW_1 ok=1
Cmd: compileSnippet
  api=5 type=1 insize=4621 outsize=6 kw=DUMMY SGT_D SGT_C SGT_A LIGHT_0 SHADOW_1 ok=1
Cmd: compileSnippet
  api=9 type=1 insize=4621 outsize=7 kw=DUMMY SGT_E SGT_A SGT_B LIGHT_0 SHADOW_1 ok=1
Cmd: compileSnippet
  api=5 type=1 insize=4621 outsize=6 kw=DUMMY SGT_D SGT_C SGT_A SGT_B LIGHT_0 SHADOW_1 ok=1
Cmd: compileSnippet
  api=5 type=1 insize=4621 outsize=6 kw=DUMMY SGT_C LIGHT_0 SHADOW_2 ok=1
Cmd: compileSnippet
  api=9 type=1 insize=4621 outsize=7 kw=DUMMY SGT_E SGT_D SGT_C LIGHT_0 SHADOW_2 ok=1
Cmd: compileSnippet
  api=5 type=1 insize=4621 outsize=6 kw=DUMMY SGT_C SGT_B LIGHT_0 SHADOW_2 ok=1
Cmd: compileSnippet
  api=5 type=1 insize=4621 outsize=6 kw=DUMMY SGT_D SGT_C SGT_B LIGHT_0 SHADOW_2 ok=1
Cmd: compileSnippet
  api=9 type=1 insize=4621 outsize=7 kw=DUMMY SGT_D SGT_A LIGHT_0 SHADOW_2 ok=1
Cmd: compileSnippet
  api=9 type=1 insize=4621 outsize=7 kw=DUMMY SGT_D SGT_C SGT_A LIGHT_0 SHADOW_2 ok=1
Cmd: compileSnippet
  api=5 type=1 insize=4621 outsize=6 kw=DUMMY SGT_D SGT_A SGT_B LIGHT_0 SHADOW_2 ok=1
Cmd: compileSnippet
  api=5 type=1 insize=4621 outsize=6 kw=DUMMY SGT_D SGT_C SGT_A SGT_B LIGHT_0 SHADOW_2 ok=1
Cmd: compileSnippet
  api=5 type=1 insize=4621 outsize=6 kw=DUMMY LIGHT_1 SGT_E SGT_D ok=1
Cmd: compileSnippet
  api=5 type=1 insize=4621 outsize=6 kw=DUMMY LIGHT_1 SGT_E SGT_D SGT_C ok=1
Cmd: compileSnippet
  api=5 type=1 insize=4621 outsize=6 kw=DUMMY LIGHT_1 SGT_E SGT_D SGT_B ok=1
Cmd: compileSnippet
  api=9 type=1 insize=4621 outsize=7 kw=DUMMY LIGHT_1 SGT_D SGT_C SGT_B ok=1
Cmd: compileSnippet
  api=5 type=1 insize=4621 outsize=6 kw=DUMMY LIGHT_1 SGT_C SGT_A ok=1
Cmd: compileSnippet
  api=5 type=1 insize=4621 outsize=6 kw=DUMMY LIGHT_1 SGT_E SGT_C SGT_A ok=1
Cmd: compileSnippet
  api=9 type=1 insize=4621 outsize=7 kw=DUMMY LIGHT_1 SGT_A SGT_B ok=1
Cmd: compileSnippet
  api=9 type=1 insize=4621 outsize=7 kw=DUMMY LIGHT_1 SGT_C SGT_A SGT_B ok=1
Cmd: compileSnippet
  api=9 type=1 insize=4621 outsize=7 kw=DUMMY LIGHT_1 SGT_E SHADOW_1 ok=1
Cmd: compileSnippet
  api=5 type=1 insize=4621 outsize=6 kw=DUMMY LIGHT_1 SGT_E SGT_D SGT_C SHADOW_1 ok=1
Cmd: compileSnippet
  api=9 type=1 insize=4621 outsize=7 kw=DUMMY LIGHT_1 SGT_D SGT_B SHADOW_1 ok=1
Cmd: compileSnippet
  api=9 type=1 insize=4621 outsize=7 kw=DUMMY LIGHT_1 SGT_E SGT_D SGT_C SGT_B SHADOW_1 ok=1
Cmd: compileSnippet
  api=9 type=1 insize=4621 outsize=7 kw=DUMMY LIGHT_1 SGT_D SGT_A SHADOW_1 ok=1
Cmd: compileSnippet
  api=9 type=1 insize=4621 outsize=7 kw=DUMMY LIGHT_1 SGT_D SGT_C SGT_A SHADOW_1 ok=1
Cmd: compileSnippet
  api=9 type=1 insize=4621 outsize=7 kw=DUMMY LIGHT_1 SGT_D SGT_A SGT_B SHADOW_1 ok=1
Cmd: compileSnippet
  api=5 type=1 insize=4621 outsize=6 kw=LIGHT_1 SGT_E SGT_D SGT_C SGT_A SGT_B SHADOW_1 ok=1
Cmd: compileSnippet
  api=9 type=1 insize=4621 outsize=7 kw=DUMMY LIGHT_1 SGT_E SGT_D SHADOW_2 ok=1
Cmd: compileSnippet
  api=5 type=1 insize=4621 outsize=6 kw=DUMMY LIGHT_1 SGT_B SHADOW_2 ok=1
Cmd: compileSnippet
  api=5 type=1 insize=4621 outsize=6 kw=DUMMY LIGHT_1 SGT_C SGT_B SHADOW_2 ok=1
Cmd: compileSnippet
  api=9 type=1 insize=4621 outsize=7 kw=DUMMY LIGHT_1 SGT_C SGT_B SHADOW_2 ok=1
Cmd: compileSnippet
  api=9 type=1 insize=4621 outsize=7 kw=DUMMY LIGHT_1 SGT_E SGT_A SHADOW_2 ok=1
Cmd: compileSnippet
  api=9 type=1 insize=4621 outsize=7 kw=DUMMY LIGHT_1 SGT_E SGT_D SGT_C SGT_A SHADOW_2 ok=1
Cmd: compileSnippet
  api=5 type=1 insize=4621 outsize=6 kw=DUMMY LIGHT_1 SGT_E SGT_D SGT_A SGT_B SHADOW_2 ok=1
Cmd: compileSnippet
  api=9 type=1 insize=4621 outsize=7 kw=DUMMY LIGHT_1 SGT_D SGT_C SGT_A SGT_B SHADOW_2 ok=1
Cmd: compileSnippet
  api=5 type=1 insize=4621 outsize=6 kw=DUMMY LIGHT_2 SGT_D ok=1
Cmd: compileSnippet
  api=9 type=1 insize=4621 outsize=7 kw=DUMMY LIGHT_2 SGT_D SGT_C ok=1
Cmd: compileSnippet
  api=5 type=1 insize=4621 outsize=6 kw=DUMMY LIGHT_2 SGT_D SGT_B ok=1
Cmd: compileSnippet
  api=5 type=1 insize=4621 outsize=6 kw=DUMMY LIGHT_2 SGT_E SGT_D SGT_C SGT_B ok=1
Cmd: compileSnippet
  api=9 type=1 insize=4621 outsize=7 kw=DUMMY LIGHT_2 SGT_E SGT_D SGT_A ok=1
Cmd: compileSnippet
  api=5 type=1 insize=4621 outsize=6 kw=DUMMY LIGHT_2 SGT_A SGT_B ok=1
Cmd: compileSnippet
  api=9 type=1 insize=4621 outsize=7 kw=DUMMY LIGHT_2 SGT_E SGT_A SGT_B ok=1
Cmd: compileSnippet
  api=9 type=1 insize=4621 outsize=7 kw=DUMMY LIGHT_2 SGT_E SGT_C SGT_A SGT_B ok=1
Cmd: compileSnippet
  api=9 type=1 insize=4621 outsize=7 kw=DUMMY LIGHT_2 SGT_E SHADOW_1 ok=1
Cmd: compileSnippet
  api=9 type=1 insize=4621 outsize=7 kw=DUMMY LIGHT_2 SGT_D SGT_C SHADOW_1 ok=1
Cmd: compileSnippet
  api=9 type=1 insize=4621 outsize=7 kw=DUMMY LIGHT_2 SGT_D SGT_B SHADOW_1 ok=1
Cmd: compileSnippet
  api=9 type=1 insize=4621 outsize=7 kw=DUMMY LIGHT_2 SGT_D SGT_C SGT_B SHADOW_1 ok=1
Cmd: compileSnippet
  api=9 type=1 insize=4621 outsize=7 kw=DUMMY LIGHT_2 SGT_D SGT_A SHADOW_1 ok=1
Cmd: compileSnippet
  api=5 type=1 insize=4621 outsize=6 kw=DUMMY LIGHT_2 SGT_E SGT_D SGT_C SGT_A SHADOW_1 ok=1
Cmd: compileSnippet
  api=9 type=1 insize=4621 outsize=7 kw=DUMMY LIGHT_2 SGT_D SGT_A SGT_B SHADOW_1 ok=1
Cmd: compileSnippet
  api=5 type=1 insize=4621 outsize=6 kw=LIGHT_2 SGT_E SGT_D SGT_C SGT_A SGT_B SHADOW_1 ok=1
Cmd: compileSnippet
  api=5 type=1 insize=4621 outsize=6 kw=DUMMY LIGHT_2 SGT_D SHADOW_2 ok=1
Cmd: compileSnippet
  api=9 type=1 insize=4621 outsize=7 kw=DUMMY LIGHT_2 SGT_D SGT_C SHADOW_2 ok=1
Cmd: compileSnippet
  api=9 type=1 insize=4621 outsize=7 kw=DUMMY LIGHT_2 SGT_E SGT_B SHADOW_2 ok=1
Cmd: compileSnippet
  api=5 type=1 insize=4621 outsize=6 kw=DUMMY LIGHT_2 SGT_D SGT_C SGT_B SHADOW_2 ok=1
Cmd: compileSnippet
  api=9 type=1 insize=4621 outsize=7 kw=DUMMY LIGHT_2 SGT_E SGT_A SHADOW_2 ok=1
Cmd: compileSnippet
  api=5 type=1 insize=4621 outsize=6 kw=DUMMY LIGHT_2 SGT_D SGT_C SGT_A SHADOW_2 ok=1
Cmd: compileSnippet
  api=9 type=1 insize=4621 outsize=7 kw=DUMMY LIGHT_2 SGT_E SGT_A SGT_B SHADOW_2 ok=1
Cmd: compileSnippet
  api=5 type=1 insize=4621 outsize=6 kw=DUMMY LIGHT_2 SGT_E SGT_C SGT_A SGT_B SHADOW_2 ok=1
Cmd: compileSnippet
  api=9 type=0 insize=3732 outsize=2100 kw=DUMMY ok=1
Cmd: compileSnippet
  api=5 type=0 insize=3732 outsize=2273 kw=LIGHT_0 SHADOW_1 ok=1
Cmd: compileSnippet
  api=5 type=0 insize=3732 outsize=4259 kw=LIGHT_1 SHADOW_2 ok=1
Cmd: compileSnippet
  api=5 type=1 insize=3732 outsize=6 kw=DUMMY ok=1
Cmd: compileSnippet
  api=9 type=1 insize=3732 outsize=7 kw=DUMMY LIGHT_1 ok=1
Cmd: compileSnippet
  api=5 type=1 insize=3732 outsize=6 kw=LIGHT_2 SHADOW_1 ok=1
Unhandled exception: Readfile from pipe failed. GLE=Le canal de communication a t ferm.


Quitting shader compiler process
